ARM GAS  /tmp/ccAoYwpn.s 			page 1


   1              		.syntax unified
   2              		.cpu cortex-m0
   3              		.fpu softvfp
   4              		.eabi_attribute 20, 1	@ Tag_ABI_FP_denormal
   5              		.eabi_attribute 21, 1	@ Tag_ABI_FP_exceptions
   6              		.eabi_attribute 23, 3	@ Tag_ABI_FP_number_model
   7              		.eabi_attribute 24, 1	@ Tag_ABI_align8_needed
   8              		.eabi_attribute 25, 1	@ Tag_ABI_align8_preserved
   9              		.eabi_attribute 26, 1	@ Tag_ABI_enum_size
  10              		.eabi_attribute 30, 4	@ Tag_ABI_optimization_goals
  11              		.eabi_attribute 34, 0	@ Tag_CPU_unaligned_access
  12              		.eabi_attribute 18, 4	@ Tag_ABI_PCS_wchar_t
  13              		.file	"main.c"
  14              	@ GNU C11 (Fedora 5.2.0-4.fc24) version 5.2.0 (arm-none-eabi)
  15              	@	compiled by GNU C version 6.0.0 20160201 (Red Hat 6.0.0-0.9), GMP version 6.1.0, MPFR version 3.1
  16              	@ warning: GMP header version 6.1.0 differs from library version 6.1.1.
  17              	@ warning: MPFR header version 3.1.3 differs from library version 3.1.4.
  18              	@ GGC heuristics: --param ggc-min-expand=100 --param ggc-min-heapsize=131072
  19              	@ options passed:  -I .
  20              	@ -I ../../STM32Cube_FW_F0_V1.6.0/Drivers/CMSIS/Device/ST/STM32F0xx/Include
  21              	@ -I ../../STM32Cube_FW_F0_V1.6.0/Drivers/CMSIS/Include
  22              	@ -I ../../STM32Cube_FW_F0_V1.6.0/Drivers/STM32F0xx_HAL_Driver/Inc
  23              	@ -I ../../STM32F0-Discovery_FW_V1.0.0/Utilities/STM32F0-Discovery
  24              	@ -I ../../STM32Cube_FW_F0_V1.6.0/Drivers/BSP/STM32F072B-Discovery -I ./inc
  25              	@ -imultilib armv6-m -D__USES_INITFINI__ -D STM32F072xB
  26              	@ -D USE_STDPERIPH_DRIVER -D RUN_FROM_FLASH=1 src/main.c -mcpu=cortex-m0
  27              	@ -mthumb -auxbase-strip src/main.o -g -gdwarf-2 -Os -Wall
  28              	@ -Wstrict-prototypes -fomit-frame-pointer -fverbose-asm
  29              	@ options enabled:  -faggressive-loop-optimizations -falign-functions
  30              	@ -falign-jumps -falign-labels -falign-loops -fauto-inc-dec
  31              	@ -fbranch-count-reg -fcaller-saves -fchkp-check-incomplete-type
  32              	@ -fchkp-check-read -fchkp-check-write -fchkp-instrument-calls
  33              	@ -fchkp-narrow-bounds -fchkp-optimize -fchkp-store-bounds
  34              	@ -fchkp-use-static-bounds -fchkp-use-static-const-bounds
  35              	@ -fchkp-use-wrappers -fcombine-stack-adjustments -fcommon -fcompare-elim
  36              	@ -fcprop-registers -fcrossjumping -fcse-follow-jumps -fdefer-pop
  37              	@ -fdelete-null-pointer-checks -fdevirtualize -fdevirtualize-speculatively
  38              	@ -fdwarf2-cfi-asm -fearly-inlining -feliminate-unused-debug-types
  39              	@ -fexpensive-optimizations -fforward-propagate -ffunction-cse -fgcse
  40              	@ -fgcse-lm -fgnu-runtime -fgnu-unique -fguess-branch-probability
  41              	@ -fhoist-adjacent-loads -fident -fif-conversion -fif-conversion2
  42              	@ -findirect-inlining -finline -finline-atomics -finline-functions
  43              	@ -finline-functions-called-once -finline-small-functions -fipa-cp
  44              	@ -fipa-cp-alignment -fipa-icf -fipa-icf-functions -fipa-icf-variables
  45              	@ -fipa-profile -fipa-pure-const -fipa-reference -fipa-sra
  46              	@ -fira-hoist-pressure -fira-share-save-slots -fira-share-spill-slots
  47              	@ -fisolate-erroneous-paths-dereference -fivopts -fkeep-static-consts
  48              	@ -fleading-underscore -flifetime-dse -flra-remat -flto-odr-type-merging
  49              	@ -fmath-errno -fmerge-constants -fmerge-debug-strings
  50              	@ -fmove-loop-invariants -fomit-frame-pointer -foptimize-sibling-calls
  51              	@ -fpartial-inlining -fpeephole -fpeephole2 -fprefetch-loop-arrays
  52              	@ -freg-struct-return -freorder-blocks -freorder-functions
  53              	@ -frerun-cse-after-loop -fsched-critical-path-heuristic
  54              	@ -fsched-dep-count-heuristic -fsched-group-heuristic -fsched-interblock
  55              	@ -fsched-last-insn-heuristic -fsched-pressure -fsched-rank-heuristic
  56              	@ -fsched-spec -fsched-spec-insn-heuristic -fsched-stalled-insns-dep
  57              	@ -fschedule-insns2 -fsection-anchors -fsemantic-interposition
ARM GAS  /tmp/ccAoYwpn.s 			page 2


  58              	@ -fshow-column -fshrink-wrap -fsigned-zeros -fsplit-ivs-in-unroller
  59              	@ -fsplit-wide-types -fssa-phiopt -fstdarg-opt -fstrict-aliasing
  60              	@ -fstrict-overflow -fstrict-volatile-bitfields -fsync-libcalls
  61              	@ -fthread-jumps -ftoplevel-reorder -ftrapping-math -ftree-bit-ccp
  62              	@ -ftree-builtin-call-dce -ftree-ccp -ftree-ch -ftree-coalesce-vars
  63              	@ -ftree-copy-prop -ftree-copyrename -ftree-cselim -ftree-dce
  64              	@ -ftree-dominator-opts -ftree-dse -ftree-forwprop -ftree-fre
  65              	@ -ftree-loop-if-convert -ftree-loop-im -ftree-loop-ivcanon
  66              	@ -ftree-loop-optimize -ftree-parallelize-loops= -ftree-phiprop -ftree-pre
  67              	@ -ftree-pta -ftree-reassoc -ftree-scev-cprop -ftree-sink -ftree-slsr
  68              	@ -ftree-sra -ftree-switch-conversion -ftree-tail-merge -ftree-ter
  69              	@ -ftree-vrp -funit-at-a-time -fvar-tracking -fvar-tracking-assignments
  70              	@ -fverbose-asm -fzero-initialized-in-bss -mlittle-endian
  71              	@ -mpic-data-is-text-relative -msched-prolog -mthumb
  72              	@ -mvectorize-with-neon-quad
  73              	
  74              		.text
  75              	.Ltext0:
  76              		.cfi_sections	.debug_frame
  77              		.section	.text.startup,"ax",%progbits
  78              		.align	1
  79              		.global	main
  80              		.code	16
  81              		.thumb_func
  82              		.type	main, %function
  83              	main:
  84              	.LFB34:
  85              		.file 1 "src/main.c"
   1:src/main.c    **** /**
   2:src/main.c    ****   ******************************************************************************
   3:src/main.c    ****   * @file    Templates/Src/main.c
   4:src/main.c    ****   * @author  MCD Application Team
   5:src/main.c    ****   * @version V1.6.0
   6:src/main.c    ****   * @date    27-May-2016
   7:src/main.c    ****   * @brief   Main program body
   8:src/main.c    ****   ******************************************************************************
   9:src/main.c    ****   * @attention
  10:src/main.c    ****   *
  11:src/main.c    ****   * <h2><center>&copy; COPYRIGHT(c) 2016 STMicroelectronics</center></h2>
  12:src/main.c    ****   *
  13:src/main.c    ****   * Redistribution and use in source and binary forms, with or without modification,
  14:src/main.c    ****   * are permitted provided that the following conditions are met:
  15:src/main.c    ****   *   1. Redistributions of source code must retain the above copyright notice,
  16:src/main.c    ****   *      this list of conditions and the following disclaimer.
  17:src/main.c    ****   *   2. Redistributions in binary form must reproduce the above copyright notice,
  18:src/main.c    ****   *      this list of conditions and the following disclaimer in the documentation
  19:src/main.c    ****   *      and/or other materials provided with the distribution.
  20:src/main.c    ****   *   3. Neither the name of STMicroelectronics nor the names of its contributors
  21:src/main.c    ****   *      may be used to endorse or promote products derived from this software
  22:src/main.c    ****   *      without specific prior written permission.
  23:src/main.c    ****   *
  24:src/main.c    ****   * THIS SOFTWARE IS PROVIDED BY THE COPYRIGHT HOLDERS AND CONTRIBUTORS "AS IS"
  25:src/main.c    ****   * AND ANY EXPRESS OR IMPLIED WARRANTIES, INCLUDING, BUT NOT LIMITED TO, THE
  26:src/main.c    ****   * IMPLIED WARRANTIES OF MERCHANTABILITY AND FITNESS FOR A PARTICULAR PURPOSE ARE
  27:src/main.c    ****   * DISCLAIMED. IN NO EVENT SHALL THE COPYRIGHT HOLDER OR CONTRIBUTORS BE LIABLE
  28:src/main.c    ****   * FOR ANY DIRECT, INDIRECT, INCIDENTAL, SPECIAL, EXEMPLARY, OR CONSEQUENTIAL
  29:src/main.c    ****   * DAMAGES (INCLUDING, BUT NOT LIMITED TO, PROCUREMENT OF SUBSTITUTE GOODS OR
ARM GAS  /tmp/ccAoYwpn.s 			page 3


  30:src/main.c    ****   * SERVICES; LOSS OF USE, DATA, OR PROFITS; OR BUSINESS INTERRUPTION) HOWEVER
  31:src/main.c    ****   * CAUSED AND ON ANY THEORY OF LIABILITY, WHETHER IN CONTRACT, STRICT LIABILITY,
  32:src/main.c    ****   * OR TORT (INCLUDING NEGLIGENCE OR OTHERWISE) ARISING IN ANY WAY OUT OF THE USE
  33:src/main.c    ****   * OF THIS SOFTWARE, EVEN IF ADVISED OF THE POSSIBILITY OF SUCH DAMAGE.
  34:src/main.c    ****   *
  35:src/main.c    ****   ******************************************************************************
  36:src/main.c    ****   */
  37:src/main.c    **** 
  38:src/main.c    **** /* Includes ------------------------------------------------------------------*/
  39:src/main.c    **** #include "main.h"
  40:src/main.c    **** 
  41:src/main.c    **** /** @addtogroup STM32F0xx_HAL_Examples
  42:src/main.c    ****   * @{
  43:src/main.c    ****   */
  44:src/main.c    **** 
  45:src/main.c    **** /** @addtogroup Templates
  46:src/main.c    ****   * @{
  47:src/main.c    ****   */
  48:src/main.c    **** 
  49:src/main.c    **** /* Private typedef -----------------------------------------------------------*/
  50:src/main.c    **** /* Private define ------------------------------------------------------------*/
  51:src/main.c    **** /* Private macro -------------------------------------------------------------*/
  52:src/main.c    **** /* Private variables ---------------------------------------------------------*/
  53:src/main.c    **** static GPIO_InitTypeDef  GPIO_InitStruct;
  54:src/main.c    **** /* Private function prototypes -----------------------------------------------*/
  55:src/main.c    **** static void SystemClock_Config(void);
  56:src/main.c    **** static void Error_Handler(void);
  57:src/main.c    **** 
  58:src/main.c    **** /* Private functions ---------------------------------------------------------*/
  59:src/main.c    **** 
  60:src/main.c    **** /**
  61:src/main.c    ****   * @brief  Main program
  62:src/main.c    ****   * @param  None
  63:src/main.c    ****   * @retval None
  64:src/main.c    ****   */
  65:src/main.c    **** int main(void)
  66:src/main.c    **** {
  86              		.loc 1 66 0
  87              		.cfi_startproc
  88 0000 30B5     		push	{r4, r5, lr}	@
  89              	.LCFI0:
  90              		.cfi_def_cfa_offset 12
  91              		.cfi_offset 4, -12
  92              		.cfi_offset 5, -8
  93              		.cfi_offset 14, -4
  94 0002 93B0     		sub	sp, sp, #76	@,,
  95              	.LCFI1:
  96              		.cfi_def_cfa_offset 88
  67:src/main.c    **** 
  68:src/main.c    ****   /* STM32F0xx HAL library initialization:
  69:src/main.c    ****        - Configure the Flash prefetch
  70:src/main.c    ****        - Systick timer is configured by default as source of time base, but user
  71:src/main.c    ****          can eventually implement his proper time base source (a general purpose
  72:src/main.c    ****          timer for example or other time source), keeping in mind that Time base
  73:src/main.c    ****          duration should be kept 1ms since PPP_TIMEOUT_VALUEs are defined and
  74:src/main.c    ****          handled in milliseconds basis.
  75:src/main.c    ****        - Low Level Initialization
ARM GAS  /tmp/ccAoYwpn.s 			page 4


  76:src/main.c    ****      */
  77:src/main.c    ****   HAL_Init();
  97              		.loc 1 77 0
  98 0004 FFF7FEFF 		bl	HAL_Init	@
  99              	.LVL0:
 100              	.LBB10:
 101              	.LBB11:
  78:src/main.c    **** 
  79:src/main.c    ****   /* Configure the system clock to have a system clock = 48 Mhz */
  80:src/main.c    ****   SystemClock_Config();
  81:src/main.c    **** 
  82:src/main.c    **** 
  83:src/main.c    ****   /* Add your application code here
  84:src/main.c    ****      */
  85:src/main.c    **** 
  86:src/main.c    ****   /* -1- Enable each GPIO Clock (to be able to program the configuration registers) */
  87:src/main.c    ****   LED3_GPIO_CLK_ENABLE();
  88:src/main.c    ****   LED4_GPIO_CLK_ENABLE();
  89:src/main.c    **** 
  90:src/main.c    ****   /* -2- Configure IOs in output push-pull mode to drive external LEDs */
  91:src/main.c    ****   GPIO_InitStruct.Mode  = GPIO_MODE_OUTPUT_PP;
  92:src/main.c    ****   GPIO_InitStruct.Pull  = GPIO_PULLUP;
  93:src/main.c    ****   GPIO_InitStruct.Speed = GPIO_SPEED_FREQ_HIGH;
  94:src/main.c    **** 
  95:src/main.c    ****   GPIO_InitStruct.Pin = LED3_PIN;
  96:src/main.c    ****   HAL_GPIO_Init(LED3_GPIO_PORT, &GPIO_InitStruct);
  97:src/main.c    **** 
  98:src/main.c    ****   GPIO_InitStruct.Pin = LED4_PIN;
  99:src/main.c    ****   HAL_GPIO_Init(LED4_GPIO_PORT, &GPIO_InitStruct);
 100:src/main.c    **** 
 101:src/main.c    ****   /* -3- Toggle IOs in an infinite loop */
 102:src/main.c    ****   while (1)
 103:src/main.c    ****   {
 104:src/main.c    ****     HAL_GPIO_TogglePin(LED3_GPIO_PORT, LED3_PIN);
 105:src/main.c    ****     /* Insert delay 100 ms */
 106:src/main.c    ****     HAL_Delay(100);
 107:src/main.c    ****     HAL_GPIO_TogglePin(LED4_GPIO_PORT, LED4_PIN);
 108:src/main.c    ****     /* Insert delay 100 ms */
 109:src/main.c    ****     HAL_Delay(100);
 110:src/main.c    ****   }
 111:src/main.c    **** 
 112:src/main.c    **** }
 113:src/main.c    **** 
 114:src/main.c    **** /**
 115:src/main.c    ****   * @brief  System Clock Configuration
 116:src/main.c    ****   *         The system Clock is configured as follow :
 117:src/main.c    ****   *            System Clock source            = PLL (HSI48)
 118:src/main.c    ****   *            SYSCLK(Hz)                     = 48000000
 119:src/main.c    ****   *            HCLK(Hz)                       = 48000000
 120:src/main.c    ****   *            AHB Prescaler                  = 1
 121:src/main.c    ****   *            APB1 Prescaler                 = 1
 122:src/main.c    ****   *            HSI Frequency(Hz)              = 48000000
 123:src/main.c    ****   *            PREDIV                         = 2
 124:src/main.c    ****   *            PLLMUL                         = 2
 125:src/main.c    ****   *            Flash Latency(WS)              = 1
 126:src/main.c    ****   * @param  None
 127:src/main.c    ****   * @retval None
ARM GAS  /tmp/ccAoYwpn.s 			page 5


 128:src/main.c    ****   */
 129:src/main.c    **** static void SystemClock_Config(void)
 130:src/main.c    **** {
 131:src/main.c    ****   RCC_ClkInitTypeDef RCC_ClkInitStruct;
 132:src/main.c    ****   RCC_OscInitTypeDef RCC_OscInitStruct;
 133:src/main.c    **** 
 134:src/main.c    ****   /* Select HSI48 Oscillator as PLL source */
 135:src/main.c    ****   RCC_OscInitStruct.OscillatorType = RCC_OSCILLATORTYPE_HSI48;
 102              		.loc 1 135 0
 103 0008 2023     		movs	r3, #32	@ tmp124,
 104 000a 0593     		str	r3, [sp, #20]	@ tmp124, RCC_OscInitStruct.OscillatorType
 136:src/main.c    ****   RCC_OscInitStruct.HSI48State = RCC_HSI48_ON;
 137:src/main.c    ****   RCC_OscInitStruct.PLL.PLLState = RCC_PLL_ON;
 138:src/main.c    ****   RCC_OscInitStruct.PLL.PLLSource = RCC_PLLSOURCE_HSI48;
 105              		.loc 1 138 0
 106 000c C023     		movs	r3, #192	@ tmp130,
 107 000e 5B02     		lsls	r3, r3, #9	@ tmp130, tmp130,
 136:src/main.c    ****   RCC_OscInitStruct.HSI48State = RCC_HSI48_ON;
 108              		.loc 1 136 0
 109 0010 0125     		movs	r5, #1	@ tmp126,
 137:src/main.c    ****   RCC_OscInitStruct.PLL.PLLSource = RCC_PLLSOURCE_HSI48;
 110              		.loc 1 137 0
 111 0012 0224     		movs	r4, #2	@ tmp128,
 112              		.loc 1 138 0
 113 0014 0F93     		str	r3, [sp, #60]	@ tmp130, RCC_OscInitStruct.PLL.PLLSource
 139:src/main.c    ****   RCC_OscInitStruct.PLL.PREDIV = RCC_PREDIV_DIV2;
 140:src/main.c    ****   RCC_OscInitStruct.PLL.PLLMUL = RCC_PLL_MUL2;
 114              		.loc 1 140 0
 115 0016 0023     		movs	r3, #0	@ tmp134,
 141:src/main.c    ****   if (HAL_RCC_OscConfig(&RCC_OscInitStruct)!= HAL_OK)
 116              		.loc 1 141 0
 117 0018 05A8     		add	r0, sp, #20	@ tmp182,,
 136:src/main.c    ****   RCC_OscInitStruct.PLL.PLLState = RCC_PLL_ON;
 118              		.loc 1 136 0
 119 001a 0D95     		str	r5, [sp, #52]	@ tmp126, RCC_OscInitStruct.HSI48State
 137:src/main.c    ****   RCC_OscInitStruct.PLL.PLLSource = RCC_PLLSOURCE_HSI48;
 120              		.loc 1 137 0
 121 001c 0E94     		str	r4, [sp, #56]	@ tmp128, RCC_OscInitStruct.PLL.PLLState
 139:src/main.c    ****   RCC_OscInitStruct.PLL.PLLMUL = RCC_PLL_MUL2;
 122              		.loc 1 139 0
 123 001e 1195     		str	r5, [sp, #68]	@ tmp126, RCC_OscInitStruct.PLL.PREDIV
 140:src/main.c    ****   if (HAL_RCC_OscConfig(&RCC_OscInitStruct)!= HAL_OK)
 124              		.loc 1 140 0
 125 0020 1093     		str	r3, [sp, #64]	@ tmp134, RCC_OscInitStruct.PLL.PLLMUL
 126              		.loc 1 141 0
 127 0022 FFF7FEFF 		bl	HAL_RCC_OscConfig	@
 128              	.LVL1:
 129 0026 0028     		cmp	r0, #0	@ tmp136,
 130 0028 00D0     		beq	.L2	@,
 131              	.L7:
 132 002a FEE7     		b	.L7	@
 133              	.L2:
 142:src/main.c    ****   {
 143:src/main.c    ****     Error_Handler();
 144:src/main.c    ****   }
 145:src/main.c    **** 
 146:src/main.c    ****   /* Select PLL as system clock source and configure the HCLK and PCLK1 clocks dividers */
ARM GAS  /tmp/ccAoYwpn.s 			page 6


 147:src/main.c    ****   RCC_ClkInitStruct.ClockType = (RCC_CLOCKTYPE_SYSCLK | RCC_CLOCKTYPE_HCLK | RCC_CLOCKTYPE_PCLK1);
 134              		.loc 1 147 0
 135 002c 0723     		movs	r3, #7	@ tmp139,
 148:src/main.c    ****   RCC_ClkInitStruct.SYSCLKSource = RCC_SYSCLKSOURCE_PLLCLK;
 149:src/main.c    ****   RCC_ClkInitStruct.AHBCLKDivider = RCC_SYSCLK_DIV1;
 136              		.loc 1 149 0
 137 002e 0390     		str	r0, [sp, #12]	@ tmp136, RCC_ClkInitStruct.AHBCLKDivider
 150:src/main.c    ****   RCC_ClkInitStruct.APB1CLKDivider = RCC_HCLK_DIV1;
 138              		.loc 1 150 0
 139 0030 0490     		str	r0, [sp, #16]	@ tmp136, RCC_ClkInitStruct.APB1CLKDivider
 151:src/main.c    ****   if (HAL_RCC_ClockConfig(&RCC_ClkInitStruct, FLASH_LATENCY_1)!= HAL_OK)
 140              		.loc 1 151 0
 141 0032 2900     		movs	r1, r5	@, tmp126
 142 0034 01A8     		add	r0, sp, #4	@ tmp183,,
 147:src/main.c    ****   RCC_ClkInitStruct.SYSCLKSource = RCC_SYSCLKSOURCE_PLLCLK;
 143              		.loc 1 147 0
 144 0036 0193     		str	r3, [sp, #4]	@ tmp139, RCC_ClkInitStruct.ClockType
 148:src/main.c    ****   RCC_ClkInitStruct.AHBCLKDivider = RCC_SYSCLK_DIV1;
 145              		.loc 1 148 0
 146 0038 0294     		str	r4, [sp, #8]	@ tmp128, RCC_ClkInitStruct.SYSCLKSource
 147              		.loc 1 151 0
 148 003a FFF7FEFF 		bl	HAL_RCC_ClockConfig	@
 149              	.LVL2:
 150 003e 0028     		cmp	r0, #0	@ tmp147,
 151 0040 00D0     		beq	.L4	@,
 152              	.L8:
 153 0042 FEE7     		b	.L8	@
 154              	.L4:
 155              	.LBE11:
 156              	.LBE10:
 157              	.LBB12:
  87:src/main.c    ****   LED4_GPIO_CLK_ENABLE();
 158              		.loc 1 87 0
 159 0044 8023     		movs	r3, #128	@ tmp150,
 160 0046 194A     		ldr	r2, .L10	@ tmp149,
 161 0048 1B03     		lsls	r3, r3, #12	@ tmp150, tmp150,
 162 004a 5169     		ldr	r1, [r2, #20]	@ D.6097, MEM[(struct RCC_TypeDef *)1073876992B].AHBENR
 163              	.LBE12:
  91:src/main.c    ****   GPIO_InitStruct.Pull  = GPIO_PULLUP;
 164              		.loc 1 91 0
 165 004c 184C     		ldr	r4, .L10+4	@ tmp159,
 166              	.LBB13:
  87:src/main.c    ****   LED4_GPIO_CLK_ENABLE();
 167              		.loc 1 87 0
 168 004e 1943     		orrs	r1, r3	@ D.6097, tmp150
 169 0050 5161     		str	r1, [r2, #20]	@ D.6097, MEM[(struct RCC_TypeDef *)1073876992B].AHBENR
 170 0052 5169     		ldr	r1, [r2, #20]	@ D.6097, MEM[(struct RCC_TypeDef *)1073876992B].AHBENR
 171              	.LBE13:
  96:src/main.c    **** 
 172              		.loc 1 96 0
 173 0054 1748     		ldr	r0, .L10+8	@,
 174              	.LBB14:
  87:src/main.c    ****   LED4_GPIO_CLK_ENABLE();
 175              		.loc 1 87 0
 176 0056 1940     		ands	r1, r3	@ D.6097, tmp150
 177 0058 0191     		str	r1, [sp, #4]	@ D.6097, tmpreg
 178 005a 0199     		ldr	r1, [sp, #4]	@ D.6097, tmpreg
ARM GAS  /tmp/ccAoYwpn.s 			page 7


 179              	.LBE14:
 180              	.LBB15:
  88:src/main.c    **** 
 181              		.loc 1 88 0
 182 005c 5169     		ldr	r1, [r2, #20]	@ D.6097, MEM[(struct RCC_TypeDef *)1073876992B].AHBENR
 183 005e 1943     		orrs	r1, r3	@ D.6097, tmp150
 184 0060 5161     		str	r1, [r2, #20]	@ D.6097, MEM[(struct RCC_TypeDef *)1073876992B].AHBENR
 185 0062 5269     		ldr	r2, [r2, #20]	@ D.6097, MEM[(struct RCC_TypeDef *)1073876992B].AHBENR
 186              	.LBE15:
  96:src/main.c    **** 
 187              		.loc 1 96 0
 188 0064 2100     		movs	r1, r4	@, tmp159
 189              	.LBB16:
  88:src/main.c    **** 
 190              		.loc 1 88 0
 191 0066 1340     		ands	r3, r2	@ D.6097, D.6097
 192 0068 0593     		str	r3, [sp, #20]	@ D.6097, tmpreg
 193 006a 059B     		ldr	r3, [sp, #20]	@ D.6097, tmpreg
 194              	.LBE16:
  93:src/main.c    **** 
 195              		.loc 1 93 0
 196 006c 0323     		movs	r3, #3	@ tmp164,
 197 006e E360     		str	r3, [r4, #12]	@ tmp164, GPIO_InitStruct.Speed
  95:src/main.c    ****   HAL_GPIO_Init(LED3_GPIO_PORT, &GPIO_InitStruct);
 198              		.loc 1 95 0
 199 0070 3D33     		adds	r3, r3, #61	@ tmp166,
 200 0072 2360     		str	r3, [r4]	@ tmp166, GPIO_InitStruct.Pin
  91:src/main.c    ****   GPIO_InitStruct.Pull  = GPIO_PULLUP;
 201              		.loc 1 91 0
 202 0074 6560     		str	r5, [r4, #4]	@ tmp126, GPIO_InitStruct.Mode
  92:src/main.c    ****   GPIO_InitStruct.Speed = GPIO_SPEED_FREQ_HIGH;
 203              		.loc 1 92 0
 204 0076 A560     		str	r5, [r4, #8]	@ tmp126, GPIO_InitStruct.Pull
  96:src/main.c    **** 
 205              		.loc 1 96 0
 206 0078 FFF7FEFF 		bl	HAL_GPIO_Init	@
 207              	.LVL3:
  98:src/main.c    ****   HAL_GPIO_Init(LED4_GPIO_PORT, &GPIO_InitStruct);
 208              		.loc 1 98 0
 209 007c 8023     		movs	r3, #128	@ tmp170,
  99:src/main.c    **** 
 210              		.loc 1 99 0
 211 007e 2100     		movs	r1, r4	@, tmp159
  98:src/main.c    ****   HAL_GPIO_Init(LED4_GPIO_PORT, &GPIO_InitStruct);
 212              		.loc 1 98 0
 213 0080 5B00     		lsls	r3, r3, #1	@ tmp170, tmp170,
  99:src/main.c    **** 
 214              		.loc 1 99 0
 215 0082 0C48     		ldr	r0, .L10+8	@,
  98:src/main.c    ****   HAL_GPIO_Init(LED4_GPIO_PORT, &GPIO_InitStruct);
 216              		.loc 1 98 0
 217 0084 2360     		str	r3, [r4]	@ tmp170, GPIO_InitStruct.Pin
  99:src/main.c    **** 
 218              		.loc 1 99 0
 219 0086 FFF7FEFF 		bl	HAL_GPIO_Init	@
 220              	.LVL4:
 221              	.L6:
ARM GAS  /tmp/ccAoYwpn.s 			page 8


 104:src/main.c    ****     /* Insert delay 100 ms */
 222              		.loc 1 104 0 discriminator 1
 223 008a 4021     		movs	r1, #64	@,
 224 008c 0948     		ldr	r0, .L10+8	@,
 225 008e FFF7FEFF 		bl	HAL_GPIO_TogglePin	@
 226              	.LVL5:
 106:src/main.c    ****     HAL_GPIO_TogglePin(LED4_GPIO_PORT, LED4_PIN);
 227              		.loc 1 106 0 discriminator 1
 228 0092 6420     		movs	r0, #100	@,
 229 0094 FFF7FEFF 		bl	HAL_Delay	@
 230              	.LVL6:
 107:src/main.c    ****     /* Insert delay 100 ms */
 231              		.loc 1 107 0 discriminator 1
 232 0098 8021     		movs	r1, #128	@,
 233 009a 0648     		ldr	r0, .L10+8	@,
 234 009c 4900     		lsls	r1, r1, #1	@,,
 235 009e FFF7FEFF 		bl	HAL_GPIO_TogglePin	@
 236              	.LVL7:
 109:src/main.c    ****   }
 237              		.loc 1 109 0 discriminator 1
 238 00a2 6420     		movs	r0, #100	@,
 239 00a4 FFF7FEFF 		bl	HAL_Delay	@
 240              	.LVL8:
 241 00a8 EFE7     		b	.L6	@
 242              	.L11:
 243 00aa C046     		.align	2
 244              	.L10:
 245 00ac 00100240 		.word	1073876992
 246 00b0 00000000 		.word	.LANCHOR0
 247 00b4 00080048 		.word	1207961600
 248              		.cfi_endproc
 249              	.LFE34:
 250              		.size	main, .-main
 251              		.bss
 252              		.align	2
 253              		.set	.LANCHOR0,. + 0
 254              		.type	GPIO_InitStruct, %object
 255              		.size	GPIO_InitStruct, 20
 256              	GPIO_InitStruct:
 257 0000 00000000 		.space	20
 257      00000000 
 257      00000000 
 257      00000000 
 257      00000000 
 258              		.text
 259              	.Letext0:
 260              		.file 2 "/usr/arm-none-eabi/include/machine/_default_types.h"
 261              		.file 3 "/usr/arm-none-eabi/include/stdint.h"
 262              		.file 4 "../../STM32Cube_FW_F0_V1.6.0/Drivers/CMSIS/Device/ST/STM32F0xx/Include/stm32f072xb.h"
 263              		.file 5 "../../STM32Cube_FW_F0_V1.6.0/Drivers/STM32F0xx_HAL_Driver/Inc/stm32f0xx_hal_rcc.h"
 264              		.file 6 "../../STM32Cube_FW_F0_V1.6.0/Drivers/STM32F0xx_HAL_Driver/Inc/stm32f0xx_hal_gpio.h"
 265              		.file 7 "../../STM32Cube_FW_F0_V1.6.0/Drivers/STM32F0xx_HAL_Driver/Inc/stm32f0xx_hal.h"
 266              		.file 8 "../../STM32Cube_FW_F0_V1.6.0/Drivers/STM32F0xx_HAL_Driver/Inc/stm32f0xx_hal_def.h"
 267              		.section	.debug_info,"",%progbits
 268              	.Ldebug_info0:
 269 0000 13060000 		.4byte	0x613
 270 0004 0200     		.2byte	0x2
ARM GAS  /tmp/ccAoYwpn.s 			page 9


 271 0006 00000000 		.4byte	.Ldebug_abbrev0
 272 000a 04       		.byte	0x4
 273 000b 01       		.uleb128 0x1
 274 000c 25030000 		.4byte	.LASF75
 275 0010 0C       		.byte	0xc
 276 0011 A8030000 		.4byte	.LASF76
 277 0015 B3030000 		.4byte	.LASF77
 278 0019 38000000 		.4byte	.Ldebug_ranges0+0x38
 279 001d 00000000 		.4byte	0
 280 0021 00000000 		.4byte	0
 281 0025 00000000 		.4byte	.Ldebug_line0
 282 0029 02       		.uleb128 0x2
 283 002a 01       		.byte	0x1
 284 002b 06       		.byte	0x6
 285 002c 39010000 		.4byte	.LASF0
 286 0030 03       		.uleb128 0x3
 287 0031 BB010000 		.4byte	.LASF3
 288 0035 02       		.byte	0x2
 289 0036 1D       		.byte	0x1d
 290 0037 3B000000 		.4byte	0x3b
 291 003b 02       		.uleb128 0x2
 292 003c 01       		.byte	0x1
 293 003d 08       		.byte	0x8
 294 003e F9010000 		.4byte	.LASF1
 295 0042 02       		.uleb128 0x2
 296 0043 02       		.byte	0x2
 297 0044 05       		.byte	0x5
 298 0045 72000000 		.4byte	.LASF2
 299 0049 03       		.uleb128 0x3
 300 004a A3000000 		.4byte	.LASF4
 301 004e 02       		.byte	0x2
 302 004f 2B       		.byte	0x2b
 303 0050 54000000 		.4byte	0x54
 304 0054 02       		.uleb128 0x2
 305 0055 02       		.byte	0x2
 306 0056 07       		.byte	0x7
 307 0057 85020000 		.4byte	.LASF5
 308 005b 02       		.uleb128 0x2
 309 005c 04       		.byte	0x4
 310 005d 05       		.byte	0x5
 311 005e 84010000 		.4byte	.LASF6
 312 0062 03       		.uleb128 0x3
 313 0063 8F000000 		.4byte	.LASF7
 314 0067 02       		.byte	0x2
 315 0068 41       		.byte	0x41
 316 0069 6D000000 		.4byte	0x6d
 317 006d 02       		.uleb128 0x2
 318 006e 04       		.byte	0x4
 319 006f 07       		.byte	0x7
 320 0070 BC020000 		.4byte	.LASF8
 321 0074 02       		.uleb128 0x2
 322 0075 08       		.byte	0x8
 323 0076 05       		.byte	0x5
 324 0077 D5030000 		.4byte	.LASF9
 325 007b 02       		.uleb128 0x2
 326 007c 08       		.byte	0x8
 327 007d 07       		.byte	0x7
ARM GAS  /tmp/ccAoYwpn.s 			page 10


 328 007e 5C010000 		.4byte	.LASF10
 329 0082 04       		.uleb128 0x4
 330 0083 04       		.byte	0x4
 331 0084 05       		.byte	0x5
 332 0085 696E7400 		.ascii	"int\000"
 333 0089 02       		.uleb128 0x2
 334 008a 04       		.byte	0x4
 335 008b 07       		.byte	0x7
 336 008c 54020000 		.4byte	.LASF11
 337 0090 03       		.uleb128 0x3
 338 0091 D8000000 		.4byte	.LASF12
 339 0095 03       		.byte	0x3
 340 0096 15       		.byte	0x15
 341 0097 30000000 		.4byte	0x30
 342 009b 03       		.uleb128 0x3
 343 009c 9D020000 		.4byte	.LASF13
 344 00a0 03       		.byte	0x3
 345 00a1 21       		.byte	0x21
 346 00a2 49000000 		.4byte	0x49
 347 00a6 03       		.uleb128 0x3
 348 00a7 3A020000 		.4byte	.LASF14
 349 00ab 03       		.byte	0x3
 350 00ac 2D       		.byte	0x2d
 351 00ad 62000000 		.4byte	0x62
 352 00b1 02       		.uleb128 0x2
 353 00b2 04       		.byte	0x4
 354 00b3 07       		.byte	0x7
 355 00b4 7C000000 		.4byte	.LASF15
 356 00b8 05       		.uleb128 0x5
 357 00b9 A6000000 		.4byte	0xa6
 358 00bd 06       		.uleb128 0x6
 359 00be A6000000 		.4byte	0xa6
 360 00c2 CD000000 		.4byte	0xcd
 361 00c6 07       		.uleb128 0x7
 362 00c7 B1000000 		.4byte	0xb1
 363 00cb 01       		.byte	0x1
 364 00cc 00       		.byte	0
 365 00cd 08       		.uleb128 0x8
 366 00ce 2C       		.byte	0x2c
 367 00cf 04       		.byte	0x4
 368 00d0 8601     		.2byte	0x186
 369 00d2 6D010000 		.4byte	0x16d
 370 00d6 09       		.uleb128 0x9
 371 00d7 AC010000 		.4byte	.LASF16
 372 00db 04       		.byte	0x4
 373 00dc 8801     		.2byte	0x188
 374 00de B8000000 		.4byte	0xb8
 375 00e2 02       		.byte	0x2
 376 00e3 23       		.byte	0x23
 377 00e4 00       		.uleb128 0
 378 00e5 09       		.uleb128 0x9
 379 00e6 32010000 		.4byte	.LASF17
 380 00ea 04       		.byte	0x4
 381 00eb 8901     		.2byte	0x189
 382 00ed B8000000 		.4byte	0xb8
 383 00f1 02       		.byte	0x2
 384 00f2 23       		.byte	0x23
ARM GAS  /tmp/ccAoYwpn.s 			page 11


 385 00f3 04       		.uleb128 0x4
 386 00f4 09       		.uleb128 0x9
 387 00f5 B4020000 		.4byte	.LASF18
 388 00f9 04       		.byte	0x4
 389 00fa 8A01     		.2byte	0x18a
 390 00fc B8000000 		.4byte	0xb8
 391 0100 02       		.byte	0x2
 392 0101 23       		.byte	0x23
 393 0102 08       		.uleb128 0x8
 394 0103 09       		.uleb128 0x9
 395 0104 73010000 		.4byte	.LASF19
 396 0108 04       		.byte	0x4
 397 0109 8B01     		.2byte	0x18b
 398 010b B8000000 		.4byte	0xb8
 399 010f 02       		.byte	0x2
 400 0110 23       		.byte	0x23
 401 0111 0C       		.uleb128 0xc
 402 0112 0A       		.uleb128 0xa
 403 0113 49445200 		.ascii	"IDR\000"
 404 0117 04       		.byte	0x4
 405 0118 8C01     		.2byte	0x18c
 406 011a B8000000 		.4byte	0xb8
 407 011e 02       		.byte	0x2
 408 011f 23       		.byte	0x23
 409 0120 10       		.uleb128 0x10
 410 0121 0A       		.uleb128 0xa
 411 0122 4F445200 		.ascii	"ODR\000"
 412 0126 04       		.byte	0x4
 413 0127 8D01     		.2byte	0x18d
 414 0129 B8000000 		.4byte	0xb8
 415 012d 02       		.byte	0x2
 416 012e 23       		.byte	0x23
 417 012f 14       		.uleb128 0x14
 418 0130 09       		.uleb128 0x9
 419 0131 A0010000 		.4byte	.LASF20
 420 0135 04       		.byte	0x4
 421 0136 8E01     		.2byte	0x18e
 422 0138 B8000000 		.4byte	0xb8
 423 013c 02       		.byte	0x2
 424 013d 23       		.byte	0x23
 425 013e 18       		.uleb128 0x18
 426 013f 09       		.uleb128 0x9
 427 0140 93030000 		.4byte	.LASF21
 428 0144 04       		.byte	0x4
 429 0145 8F01     		.2byte	0x18f
 430 0147 B8000000 		.4byte	0xb8
 431 014b 02       		.byte	0x2
 432 014c 23       		.byte	0x23
 433 014d 1C       		.uleb128 0x1c
 434 014e 0A       		.uleb128 0xa
 435 014f 41465200 		.ascii	"AFR\000"
 436 0153 04       		.byte	0x4
 437 0154 9001     		.2byte	0x190
 438 0156 6D010000 		.4byte	0x16d
 439 015a 02       		.byte	0x2
 440 015b 23       		.byte	0x23
 441 015c 20       		.uleb128 0x20
ARM GAS  /tmp/ccAoYwpn.s 			page 12


 442 015d 0A       		.uleb128 0xa
 443 015e 42525200 		.ascii	"BRR\000"
 444 0162 04       		.byte	0x4
 445 0163 9101     		.2byte	0x191
 446 0165 B8000000 		.4byte	0xb8
 447 0169 02       		.byte	0x2
 448 016a 23       		.byte	0x23
 449 016b 28       		.uleb128 0x28
 450 016c 00       		.byte	0
 451 016d 05       		.uleb128 0x5
 452 016e BD000000 		.4byte	0xbd
 453 0172 0B       		.uleb128 0xb
 454 0173 00000000 		.4byte	.LASF22
 455 0177 04       		.byte	0x4
 456 0178 9201     		.2byte	0x192
 457 017a CD000000 		.4byte	0xcd
 458 017e 08       		.uleb128 0x8
 459 017f 38       		.byte	0x38
 460 0180 04       		.byte	0x4
 461 0181 CE01     		.2byte	0x1ce
 462 0183 59020000 		.4byte	0x259
 463 0187 0A       		.uleb128 0xa
 464 0188 435200   		.ascii	"CR\000"
 465 018b 04       		.byte	0x4
 466 018c D001     		.2byte	0x1d0
 467 018e B8000000 		.4byte	0xb8
 468 0192 02       		.byte	0x2
 469 0193 23       		.byte	0x23
 470 0194 00       		.uleb128 0
 471 0195 09       		.uleb128 0x9
 472 0196 6D020000 		.4byte	.LASF23
 473 019a 04       		.byte	0x4
 474 019b D101     		.2byte	0x1d1
 475 019d B8000000 		.4byte	0xb8
 476 01a1 02       		.byte	0x2
 477 01a2 23       		.byte	0x23
 478 01a3 04       		.uleb128 0x4
 479 01a4 0A       		.uleb128 0xa
 480 01a5 43495200 		.ascii	"CIR\000"
 481 01a9 04       		.byte	0x4
 482 01aa D201     		.2byte	0x1d2
 483 01ac B8000000 		.4byte	0xb8
 484 01b0 02       		.byte	0x2
 485 01b1 23       		.byte	0x23
 486 01b2 08       		.uleb128 0x8
 487 01b3 09       		.uleb128 0x9
 488 01b4 B2010000 		.4byte	.LASF24
 489 01b8 04       		.byte	0x4
 490 01b9 D301     		.2byte	0x1d3
 491 01bb B8000000 		.4byte	0xb8
 492 01bf 02       		.byte	0x2
 493 01c0 23       		.byte	0x23
 494 01c1 0C       		.uleb128 0xc
 495 01c2 09       		.uleb128 0x9
 496 01c3 36000000 		.4byte	.LASF25
 497 01c7 04       		.byte	0x4
 498 01c8 D401     		.2byte	0x1d4
ARM GAS  /tmp/ccAoYwpn.s 			page 13


 499 01ca B8000000 		.4byte	0xb8
 500 01ce 02       		.byte	0x2
 501 01cf 23       		.byte	0x23
 502 01d0 10       		.uleb128 0x10
 503 01d1 09       		.uleb128 0x9
 504 01d2 A5010000 		.4byte	.LASF26
 505 01d6 04       		.byte	0x4
 506 01d7 D501     		.2byte	0x1d5
 507 01d9 B8000000 		.4byte	0xb8
 508 01dd 02       		.byte	0x2
 509 01de 23       		.byte	0x23
 510 01df 14       		.uleb128 0x14
 511 01e0 09       		.uleb128 0x9
 512 01e1 07020000 		.4byte	.LASF27
 513 01e5 04       		.byte	0x4
 514 01e6 D601     		.2byte	0x1d6
 515 01e8 B8000000 		.4byte	0xb8
 516 01ec 02       		.byte	0x2
 517 01ed 23       		.byte	0x23
 518 01ee 18       		.uleb128 0x18
 519 01ef 09       		.uleb128 0x9
 520 01f0 F2000000 		.4byte	.LASF28
 521 01f4 04       		.byte	0x4
 522 01f5 D701     		.2byte	0x1d7
 523 01f7 B8000000 		.4byte	0xb8
 524 01fb 02       		.byte	0x2
 525 01fc 23       		.byte	0x23
 526 01fd 1C       		.uleb128 0x1c
 527 01fe 09       		.uleb128 0x9
 528 01ff 85000000 		.4byte	.LASF29
 529 0203 04       		.byte	0x4
 530 0204 D801     		.2byte	0x1d8
 531 0206 B8000000 		.4byte	0xb8
 532 020a 02       		.byte	0x2
 533 020b 23       		.byte	0x23
 534 020c 20       		.uleb128 0x20
 535 020d 0A       		.uleb128 0xa
 536 020e 43535200 		.ascii	"CSR\000"
 537 0212 04       		.byte	0x4
 538 0213 D901     		.2byte	0x1d9
 539 0215 B8000000 		.4byte	0xb8
 540 0219 02       		.byte	0x2
 541 021a 23       		.byte	0x23
 542 021b 24       		.uleb128 0x24
 543 021c 09       		.uleb128 0x9
 544 021d 45010000 		.4byte	.LASF30
 545 0221 04       		.byte	0x4
 546 0222 DA01     		.2byte	0x1da
 547 0224 B8000000 		.4byte	0xb8
 548 0228 02       		.byte	0x2
 549 0229 23       		.byte	0x23
 550 022a 28       		.uleb128 0x28
 551 022b 09       		.uleb128 0x9
 552 022c 61020000 		.4byte	.LASF31
 553 0230 04       		.byte	0x4
 554 0231 DB01     		.2byte	0x1db
 555 0233 B8000000 		.4byte	0xb8
ARM GAS  /tmp/ccAoYwpn.s 			page 14


 556 0237 02       		.byte	0x2
 557 0238 23       		.byte	0x23
 558 0239 2C       		.uleb128 0x2c
 559 023a 09       		.uleb128 0x9
 560 023b 67020000 		.4byte	.LASF32
 561 023f 04       		.byte	0x4
 562 0240 DC01     		.2byte	0x1dc
 563 0242 B8000000 		.4byte	0xb8
 564 0246 02       		.byte	0x2
 565 0247 23       		.byte	0x23
 566 0248 30       		.uleb128 0x30
 567 0249 0A       		.uleb128 0xa
 568 024a 43523200 		.ascii	"CR2\000"
 569 024e 04       		.byte	0x4
 570 024f DD01     		.2byte	0x1dd
 571 0251 B8000000 		.4byte	0xb8
 572 0255 02       		.byte	0x2
 573 0256 23       		.byte	0x23
 574 0257 34       		.uleb128 0x34
 575 0258 00       		.byte	0
 576 0259 0B       		.uleb128 0xb
 577 025a 94010000 		.4byte	.LASF33
 578 025e 04       		.byte	0x4
 579 025f DE01     		.2byte	0x1de
 580 0261 7E010000 		.4byte	0x17e
 581 0265 02       		.uleb128 0x2
 582 0266 08       		.byte	0x8
 583 0267 04       		.byte	0x4
 584 0268 E3010000 		.4byte	.LASF34
 585 026c 02       		.uleb128 0x2
 586 026d 01       		.byte	0x1
 587 026e 08       		.byte	0x8
 588 026f 98020000 		.4byte	.LASF35
 589 0273 0C       		.uleb128 0xc
 590 0274 01       		.byte	0x1
 591 0275 3B000000 		.4byte	0x3b
 592 0279 08       		.byte	0x8
 593 027a 3A       		.byte	0x3a
 594 027b 98020000 		.4byte	0x298
 595 027f 0D       		.uleb128 0xd
 596 0280 BE000000 		.4byte	.LASF36
 597 0284 00       		.byte	0
 598 0285 0D       		.uleb128 0xd
 599 0286 EF010000 		.4byte	.LASF37
 600 028a 01       		.byte	0x1
 601 028b 0D       		.uleb128 0xd
 602 028c 0C010000 		.4byte	.LASF38
 603 0290 02       		.byte	0x2
 604 0291 0D       		.uleb128 0xd
 605 0292 0D000000 		.4byte	.LASF39
 606 0296 03       		.byte	0x3
 607 0297 00       		.byte	0
 608 0298 0E       		.uleb128 0xe
 609 0299 10       		.byte	0x10
 610 029a 05       		.byte	0x5
 611 029b D5       		.byte	0xd5
 612 029c D9020000 		.4byte	0x2d9
ARM GAS  /tmp/ccAoYwpn.s 			page 15


 613 02a0 0F       		.uleb128 0xf
 614 02a1 AE000000 		.4byte	.LASF40
 615 02a5 05       		.byte	0x5
 616 02a6 D7       		.byte	0xd7
 617 02a7 A6000000 		.4byte	0xa6
 618 02ab 02       		.byte	0x2
 619 02ac 23       		.byte	0x23
 620 02ad 00       		.uleb128 0
 621 02ae 0F       		.uleb128 0xf
 622 02af D9010000 		.4byte	.LASF41
 623 02b3 05       		.byte	0x5
 624 02b4 DA       		.byte	0xda
 625 02b5 A6000000 		.4byte	0xa6
 626 02b9 02       		.byte	0x2
 627 02ba 23       		.byte	0x23
 628 02bb 04       		.uleb128 0x4
 629 02bc 0F       		.uleb128 0xf
 630 02bd B7000000 		.4byte	.LASF42
 631 02c1 05       		.byte	0x5
 632 02c2 DD       		.byte	0xdd
 633 02c3 A6000000 		.4byte	0xa6
 634 02c7 02       		.byte	0x2
 635 02c8 23       		.byte	0x23
 636 02c9 08       		.uleb128 0x8
 637 02ca 0F       		.uleb128 0xf
 638 02cb 8D010000 		.4byte	.LASF43
 639 02cf 05       		.byte	0x5
 640 02d0 E0       		.byte	0xe0
 641 02d1 A6000000 		.4byte	0xa6
 642 02d5 02       		.byte	0x2
 643 02d6 23       		.byte	0x23
 644 02d7 0C       		.uleb128 0xc
 645 02d8 00       		.byte	0
 646 02d9 03       		.uleb128 0x3
 647 02da 72020000 		.4byte	.LASF44
 648 02de 05       		.byte	0x5
 649 02df E3       		.byte	0xe3
 650 02e0 98020000 		.4byte	0x298
 651 02e4 0E       		.uleb128 0xe
 652 02e5 34       		.byte	0x34
 653 02e6 05       		.byte	0x5
 654 02e7 E8       		.byte	0xe8
 655 02e8 7B030000 		.4byte	0x37b
 656 02ec 0F       		.uleb128 0xf
 657 02ed 4D010000 		.4byte	.LASF45
 658 02f1 05       		.byte	0x5
 659 02f2 EA       		.byte	0xea
 660 02f3 A6000000 		.4byte	0xa6
 661 02f7 02       		.byte	0x2
 662 02f8 23       		.byte	0x23
 663 02f9 00       		.uleb128 0
 664 02fa 0F       		.uleb128 0xf
 665 02fb 29010000 		.4byte	.LASF46
 666 02ff 05       		.byte	0x5
 667 0300 ED       		.byte	0xed
 668 0301 A6000000 		.4byte	0xa6
 669 0305 02       		.byte	0x2
ARM GAS  /tmp/ccAoYwpn.s 			page 16


 670 0306 23       		.byte	0x23
 671 0307 04       		.uleb128 0x4
 672 0308 0F       		.uleb128 0xf
 673 0309 AB020000 		.4byte	.LASF47
 674 030d 05       		.byte	0x5
 675 030e F0       		.byte	0xf0
 676 030f A6000000 		.4byte	0xa6
 677 0313 02       		.byte	0x2
 678 0314 23       		.byte	0x23
 679 0315 08       		.uleb128 0x8
 680 0316 0F       		.uleb128 0xf
 681 0317 CE020000 		.4byte	.LASF48
 682 031b 05       		.byte	0x5
 683 031c F3       		.byte	0xf3
 684 031d A6000000 		.4byte	0xa6
 685 0321 02       		.byte	0x2
 686 0322 23       		.byte	0x23
 687 0323 0C       		.uleb128 0xc
 688 0324 0F       		.uleb128 0xf
 689 0325 02030000 		.4byte	.LASF49
 690 0329 05       		.byte	0x5
 691 032a F6       		.byte	0xf6
 692 032b A6000000 		.4byte	0xa6
 693 032f 02       		.byte	0x2
 694 0330 23       		.byte	0x23
 695 0331 10       		.uleb128 0x10
 696 0332 0F       		.uleb128 0xf
 697 0333 ED020000 		.4byte	.LASF50
 698 0337 05       		.byte	0x5
 699 0338 F9       		.byte	0xf9
 700 0339 A6000000 		.4byte	0xa6
 701 033d 02       		.byte	0x2
 702 033e 23       		.byte	0x23
 703 033f 14       		.uleb128 0x14
 704 0340 0F       		.uleb128 0xf
 705 0341 D7020000 		.4byte	.LASF51
 706 0345 05       		.byte	0x5
 707 0346 FC       		.byte	0xfc
 708 0347 A6000000 		.4byte	0xa6
 709 034b 02       		.byte	0x2
 710 034c 23       		.byte	0x23
 711 034d 18       		.uleb128 0x18
 712 034e 0F       		.uleb128 0xf
 713 034f 16030000 		.4byte	.LASF52
 714 0353 05       		.byte	0x5
 715 0354 FF       		.byte	0xff
 716 0355 A6000000 		.4byte	0xa6
 717 0359 02       		.byte	0x2
 718 035a 23       		.byte	0x23
 719 035b 1C       		.uleb128 0x1c
 720 035c 09       		.uleb128 0x9
 721 035d 79010000 		.4byte	.LASF53
 722 0361 05       		.byte	0x5
 723 0362 0301     		.2byte	0x103
 724 0364 A6000000 		.4byte	0xa6
 725 0368 02       		.byte	0x2
 726 0369 23       		.byte	0x23
ARM GAS  /tmp/ccAoYwpn.s 			page 17


 727 036a 20       		.uleb128 0x20
 728 036b 0A       		.uleb128 0xa
 729 036c 504C4C00 		.ascii	"PLL\000"
 730 0370 05       		.byte	0x5
 731 0371 0701     		.2byte	0x107
 732 0373 D9020000 		.4byte	0x2d9
 733 0377 02       		.byte	0x2
 734 0378 23       		.byte	0x23
 735 0379 24       		.uleb128 0x24
 736 037a 00       		.byte	0
 737 037b 0B       		.uleb128 0xb
 738 037c 76030000 		.4byte	.LASF54
 739 0380 05       		.byte	0x5
 740 0381 0901     		.2byte	0x109
 741 0383 E4020000 		.4byte	0x2e4
 742 0387 08       		.uleb128 0x8
 743 0388 10       		.byte	0x10
 744 0389 05       		.byte	0x5
 745 038a 0E01     		.2byte	0x10e
 746 038c CD030000 		.4byte	0x3cd
 747 0390 09       		.uleb128 0x9
 748 0391 F8020000 		.4byte	.LASF55
 749 0395 05       		.byte	0x5
 750 0396 1001     		.2byte	0x110
 751 0398 A6000000 		.4byte	0xa6
 752 039c 02       		.byte	0x2
 753 039d 23       		.byte	0x23
 754 039e 00       		.uleb128 0
 755 039f 09       		.uleb128 0x9
 756 03a0 C5010000 		.4byte	.LASF56
 757 03a4 05       		.byte	0x5
 758 03a5 1301     		.2byte	0x113
 759 03a7 A6000000 		.4byte	0xa6
 760 03ab 02       		.byte	0x2
 761 03ac 23       		.byte	0x23
 762 03ad 04       		.uleb128 0x4
 763 03ae 09       		.uleb128 0x9
 764 03af 0F020000 		.4byte	.LASF57
 765 03b3 05       		.byte	0x5
 766 03b4 1601     		.2byte	0x116
 767 03b6 A6000000 		.4byte	0xa6
 768 03ba 02       		.byte	0x2
 769 03bb 23       		.byte	0x23
 770 03bc 08       		.uleb128 0x8
 771 03bd 09       		.uleb128 0x9
 772 03be 27000000 		.4byte	.LASF58
 773 03c2 05       		.byte	0x5
 774 03c3 1901     		.2byte	0x119
 775 03c5 A6000000 		.4byte	0xa6
 776 03c9 02       		.byte	0x2
 777 03ca 23       		.byte	0x23
 778 03cb 0C       		.uleb128 0xc
 779 03cc 00       		.byte	0
 780 03cd 0B       		.uleb128 0xb
 781 03ce 51000000 		.4byte	.LASF59
 782 03d2 05       		.byte	0x5
 783 03d3 1C01     		.2byte	0x11c
ARM GAS  /tmp/ccAoYwpn.s 			page 18


 784 03d5 87030000 		.4byte	0x387
 785 03d9 0E       		.uleb128 0xe
 786 03da 14       		.byte	0x14
 787 03db 06       		.byte	0x6
 788 03dc 41       		.byte	0x41
 789 03dd 28040000 		.4byte	0x428
 790 03e1 10       		.uleb128 0x10
 791 03e2 50696E00 		.ascii	"Pin\000"
 792 03e6 06       		.byte	0x6
 793 03e7 43       		.byte	0x43
 794 03e8 A6000000 		.4byte	0xa6
 795 03ec 02       		.byte	0x2
 796 03ed 23       		.byte	0x23
 797 03ee 00       		.uleb128 0
 798 03ef 0F       		.uleb128 0xf
 799 03f0 71030000 		.4byte	.LASF60
 800 03f4 06       		.byte	0x6
 801 03f5 46       		.byte	0x46
 802 03f6 A6000000 		.4byte	0xa6
 803 03fa 02       		.byte	0x2
 804 03fb 23       		.byte	0x23
 805 03fc 04       		.uleb128 0x4
 806 03fd 0F       		.uleb128 0xf
 807 03fe 8A000000 		.4byte	.LASF61
 808 0402 06       		.byte	0x6
 809 0403 49       		.byte	0x49
 810 0404 A6000000 		.4byte	0xa6
 811 0408 02       		.byte	0x2
 812 0409 23       		.byte	0x23
 813 040a 08       		.uleb128 0x8
 814 040b 0F       		.uleb128 0xf
 815 040c 1F030000 		.4byte	.LASF62
 816 0410 06       		.byte	0x6
 817 0411 4C       		.byte	0x4c
 818 0412 A6000000 		.4byte	0xa6
 819 0416 02       		.byte	0x2
 820 0417 23       		.byte	0x23
 821 0418 0C       		.uleb128 0xc
 822 0419 0F       		.uleb128 0xf
 823 041a 89030000 		.4byte	.LASF63
 824 041e 06       		.byte	0x6
 825 041f 4F       		.byte	0x4f
 826 0420 A6000000 		.4byte	0xa6
 827 0424 02       		.byte	0x2
 828 0425 23       		.byte	0x23
 829 0426 10       		.uleb128 0x10
 830 0427 00       		.byte	0
 831 0428 03       		.uleb128 0x3
 832 0429 43020000 		.4byte	.LASF64
 833 042d 06       		.byte	0x6
 834 042e 51       		.byte	0x51
 835 042f D9030000 		.4byte	0x3d9
 836 0433 11       		.uleb128 0x11
 837 0434 64000000 		.4byte	.LASF78
 838 0438 01       		.byte	0x1
 839 0439 A2       		.byte	0xa2
 840 043a 01       		.byte	0x1
ARM GAS  /tmp/ccAoYwpn.s 			page 19


 841 043b 01       		.byte	0x1
 842 043c 01       		.byte	0x1
 843 043d 12       		.uleb128 0x12
 844 043e C5000000 		.4byte	.LASF79
 845 0442 01       		.byte	0x1
 846 0443 81       		.byte	0x81
 847 0444 01       		.byte	0x1
 848 0445 01       		.byte	0x1
 849 0446 61040000 		.4byte	0x461
 850 044a 13       		.uleb128 0x13
 851 044b 3F000000 		.4byte	.LASF65
 852 044f 01       		.byte	0x1
 853 0450 83       		.byte	0x83
 854 0451 CD030000 		.4byte	0x3cd
 855 0455 13       		.uleb128 0x13
 856 0456 FA000000 		.4byte	.LASF66
 857 045a 01       		.byte	0x1
 858 045b 84       		.byte	0x84
 859 045c 7B030000 		.4byte	0x37b
 860 0460 00       		.byte	0
 861 0461 14       		.uleb128 0x14
 862 0462 01       		.byte	0x1
 863 0463 A6020000 		.4byte	.LASF80
 864 0467 01       		.byte	0x1
 865 0468 41       		.byte	0x41
 866 0469 01       		.byte	0x1
 867 046a 82000000 		.4byte	0x82
 868 046e 01       		.byte	0x1
 869 046f 00000000 		.4byte	.LFB34
 870 0473 B8000000 		.4byte	.LFE34
 871 0477 00000000 		.4byte	.LLST0
 872 047b 01       		.byte	0x1
 873 047c B1050000 		.4byte	0x5b1
 874 0480 15       		.uleb128 0x15
 875 0481 3D040000 		.4byte	0x43d
 876 0485 08000000 		.4byte	.LBB10
 877 0489 44000000 		.4byte	.LBE10
 878 048d 01       		.byte	0x1
 879 048e 50       		.byte	0x50
 880 048f DC040000 		.4byte	0x4dc
 881 0493 16       		.uleb128 0x16
 882 0494 08000000 		.4byte	.LBB11
 883 0498 44000000 		.4byte	.LBE11
 884 049c 17       		.uleb128 0x17
 885 049d 4A040000 		.4byte	0x44a
 886 04a1 03       		.byte	0x3
 887 04a2 91       		.byte	0x91
 888 04a3 AC7F     		.sleb128 -84
 889 04a5 17       		.uleb128 0x17
 890 04a6 55040000 		.4byte	0x455
 891 04aa 03       		.byte	0x3
 892 04ab 91       		.byte	0x91
 893 04ac BC7F     		.sleb128 -68
 894 04ae 18       		.uleb128 0x18
 895 04af 26000000 		.4byte	.LVL1
 896 04b3 C2050000 		.4byte	0x5c2
 897 04b7 C3040000 		.4byte	0x4c3
ARM GAS  /tmp/ccAoYwpn.s 			page 20


 898 04bb 19       		.uleb128 0x19
 899 04bc 01       		.byte	0x1
 900 04bd 50       		.byte	0x50
 901 04be 03       		.byte	0x3
 902 04bf 91       		.byte	0x91
 903 04c0 BC7F     		.sleb128 -68
 904 04c2 00       		.byte	0
 905 04c3 1A       		.uleb128 0x1a
 906 04c4 3E000000 		.4byte	.LVL2
 907 04c8 D0050000 		.4byte	0x5d0
 908 04cc 19       		.uleb128 0x19
 909 04cd 01       		.byte	0x1
 910 04ce 50       		.byte	0x50
 911 04cf 03       		.byte	0x3
 912 04d0 91       		.byte	0x91
 913 04d1 AC7F     		.sleb128 -84
 914 04d3 19       		.uleb128 0x19
 915 04d4 01       		.byte	0x1
 916 04d5 51       		.byte	0x51
 917 04d6 02       		.byte	0x2
 918 04d7 75       		.byte	0x75
 919 04d8 00       		.sleb128 0
 920 04d9 00       		.byte	0
 921 04da 00       		.byte	0
 922 04db 00       		.byte	0
 923 04dc 1B       		.uleb128 0x1b
 924 04dd 00000000 		.4byte	.Ldebug_ranges0+0
 925 04e1 F5040000 		.4byte	0x4f5
 926 04e5 1C       		.uleb128 0x1c
 927 04e6 D2010000 		.4byte	.LASF67
 928 04ea 01       		.byte	0x1
 929 04eb 57       		.byte	0x57
 930 04ec B8000000 		.4byte	0xb8
 931 04f0 03       		.byte	0x3
 932 04f1 91       		.byte	0x91
 933 04f2 AC7F     		.sleb128 -84
 934 04f4 00       		.byte	0
 935 04f5 1B       		.uleb128 0x1b
 936 04f6 20000000 		.4byte	.Ldebug_ranges0+0x20
 937 04fa 0E050000 		.4byte	0x50e
 938 04fe 1C       		.uleb128 0x1c
 939 04ff D2010000 		.4byte	.LASF67
 940 0503 01       		.byte	0x1
 941 0504 58       		.byte	0x58
 942 0505 B8000000 		.4byte	0xb8
 943 0509 03       		.byte	0x3
 944 050a 91       		.byte	0x91
 945 050b BC7F     		.sleb128 -68
 946 050d 00       		.byte	0
 947 050e 1D       		.uleb128 0x1d
 948 050f 08000000 		.4byte	.LVL0
 949 0513 DE050000 		.4byte	0x5de
 950 0517 18       		.uleb128 0x18
 951 0518 7C000000 		.4byte	.LVL3
 952 051c EC050000 		.4byte	0x5ec
 953 0520 34050000 		.4byte	0x534
 954 0524 19       		.uleb128 0x19
ARM GAS  /tmp/ccAoYwpn.s 			page 21


 955 0525 01       		.byte	0x1
 956 0526 50       		.byte	0x50
 957 0527 05       		.byte	0x5
 958 0528 0C       		.byte	0xc
 959 0529 00080048 		.4byte	0x48000800
 960 052d 19       		.uleb128 0x19
 961 052e 01       		.byte	0x1
 962 052f 51       		.byte	0x51
 963 0530 02       		.byte	0x2
 964 0531 74       		.byte	0x74
 965 0532 00       		.sleb128 0
 966 0533 00       		.byte	0
 967 0534 18       		.uleb128 0x18
 968 0535 8A000000 		.4byte	.LVL4
 969 0539 EC050000 		.4byte	0x5ec
 970 053d 51050000 		.4byte	0x551
 971 0541 19       		.uleb128 0x19
 972 0542 01       		.byte	0x1
 973 0543 50       		.byte	0x50
 974 0544 05       		.byte	0x5
 975 0545 0C       		.byte	0xc
 976 0546 00080048 		.4byte	0x48000800
 977 054a 19       		.uleb128 0x19
 978 054b 01       		.byte	0x1
 979 054c 51       		.byte	0x51
 980 054d 02       		.byte	0x2
 981 054e 74       		.byte	0x74
 982 054f 00       		.sleb128 0
 983 0550 00       		.byte	0
 984 0551 18       		.uleb128 0x18
 985 0552 92000000 		.4byte	.LVL5
 986 0556 FA050000 		.4byte	0x5fa
 987 055a 6E050000 		.4byte	0x56e
 988 055e 19       		.uleb128 0x19
 989 055f 01       		.byte	0x1
 990 0560 50       		.byte	0x50
 991 0561 05       		.byte	0x5
 992 0562 0C       		.byte	0xc
 993 0563 00080048 		.4byte	0x48000800
 994 0567 19       		.uleb128 0x19
 995 0568 01       		.byte	0x1
 996 0569 51       		.byte	0x51
 997 056a 02       		.byte	0x2
 998 056b 08       		.byte	0x8
 999 056c 40       		.byte	0x40
 1000 056d 00       		.byte	0
 1001 056e 18       		.uleb128 0x18
 1002 056f 98000000 		.4byte	.LVL6
 1003 0573 08060000 		.4byte	0x608
 1004 0577 82050000 		.4byte	0x582
 1005 057b 19       		.uleb128 0x19
 1006 057c 01       		.byte	0x1
 1007 057d 50       		.byte	0x50
 1008 057e 02       		.byte	0x2
 1009 057f 08       		.byte	0x8
 1010 0580 64       		.byte	0x64
 1011 0581 00       		.byte	0
ARM GAS  /tmp/ccAoYwpn.s 			page 22


 1012 0582 18       		.uleb128 0x18
 1013 0583 A2000000 		.4byte	.LVL7
 1014 0587 FA050000 		.4byte	0x5fa
 1015 058b A0050000 		.4byte	0x5a0
 1016 058f 19       		.uleb128 0x19
 1017 0590 01       		.byte	0x1
 1018 0591 50       		.byte	0x50
 1019 0592 05       		.byte	0x5
 1020 0593 0C       		.byte	0xc
 1021 0594 00080048 		.4byte	0x48000800
 1022 0598 19       		.uleb128 0x19
 1023 0599 01       		.byte	0x1
 1024 059a 51       		.byte	0x51
 1025 059b 03       		.byte	0x3
 1026 059c 0A       		.byte	0xa
 1027 059d 0001     		.2byte	0x100
 1028 059f 00       		.byte	0
 1029 05a0 1A       		.uleb128 0x1a
 1030 05a1 A8000000 		.4byte	.LVL8
 1031 05a5 08060000 		.4byte	0x608
 1032 05a9 19       		.uleb128 0x19
 1033 05aa 01       		.byte	0x1
 1034 05ab 50       		.byte	0x50
 1035 05ac 02       		.byte	0x2
 1036 05ad 08       		.byte	0x8
 1037 05ae 64       		.byte	0x64
 1038 05af 00       		.byte	0
 1039 05b0 00       		.byte	0
 1040 05b1 1C       		.uleb128 0x1c
 1041 05b2 98030000 		.4byte	.LASF68
 1042 05b6 01       		.byte	0x1
 1043 05b7 35       		.byte	0x35
 1044 05b8 28040000 		.4byte	0x428
 1045 05bc 05       		.byte	0x5
 1046 05bd 03       		.byte	0x3
 1047 05be 00000000 		.4byte	GPIO_InitStruct
 1048 05c2 1E       		.uleb128 0x1e
 1049 05c3 01       		.byte	0x1
 1050 05c4 01       		.byte	0x1
 1051 05c5 E0000000 		.4byte	.LASF69
 1052 05c9 E0000000 		.4byte	.LASF69
 1053 05cd 05       		.byte	0x5
 1054 05ce 7806     		.2byte	0x678
 1055 05d0 1E       		.uleb128 0x1e
 1056 05d1 01       		.byte	0x1
 1057 05d2 01       		.byte	0x1
 1058 05d3 15010000 		.4byte	.LASF70
 1059 05d7 15010000 		.4byte	.LASF70
 1060 05db 05       		.byte	0x5
 1061 05dc 7906     		.2byte	0x679
 1062 05de 1E       		.uleb128 0x1e
 1063 05df 01       		.byte	0x1
 1064 05e0 01       		.byte	0x1
 1065 05e1 9A000000 		.4byte	.LASF71
 1066 05e5 9A000000 		.4byte	.LASF71
 1067 05e9 07       		.byte	0x7
 1068 05ea 0102     		.2byte	0x201
ARM GAS  /tmp/ccAoYwpn.s 			page 23


 1069 05ec 1E       		.uleb128 0x1e
 1070 05ed 01       		.byte	0x1
 1071 05ee 01       		.byte	0x1
 1072 05ef 19000000 		.4byte	.LASF72
 1073 05f3 19000000 		.4byte	.LASF72
 1074 05f7 06       		.byte	0x6
 1075 05f8 1101     		.2byte	0x111
 1076 05fa 1E       		.uleb128 0x1e
 1077 05fb 01       		.byte	0x1
 1078 05fc 01       		.byte	0x1
 1079 05fd 27020000 		.4byte	.LASF73
 1080 0601 27020000 		.4byte	.LASF73
 1081 0605 06       		.byte	0x6
 1082 0606 1F01     		.2byte	0x11f
 1083 0608 1E       		.uleb128 0x1e
 1084 0609 01       		.byte	0x1
 1085 060a 01       		.byte	0x1
 1086 060b 1D020000 		.4byte	.LASF74
 1087 060f 1D020000 		.4byte	.LASF74
 1088 0613 07       		.byte	0x7
 1089 0614 1002     		.2byte	0x210
 1090 0616 00       		.byte	0
 1091              		.section	.debug_abbrev,"",%progbits
 1092              	.Ldebug_abbrev0:
 1093 0000 01       		.uleb128 0x1
 1094 0001 11       		.uleb128 0x11
 1095 0002 01       		.byte	0x1
 1096 0003 25       		.uleb128 0x25
 1097 0004 0E       		.uleb128 0xe
 1098 0005 13       		.uleb128 0x13
 1099 0006 0B       		.uleb128 0xb
 1100 0007 03       		.uleb128 0x3
 1101 0008 0E       		.uleb128 0xe
 1102 0009 1B       		.uleb128 0x1b
 1103 000a 0E       		.uleb128 0xe
 1104 000b 55       		.uleb128 0x55
 1105 000c 06       		.uleb128 0x6
 1106 000d 11       		.uleb128 0x11
 1107 000e 01       		.uleb128 0x1
 1108 000f 52       		.uleb128 0x52
 1109 0010 01       		.uleb128 0x1
 1110 0011 10       		.uleb128 0x10
 1111 0012 06       		.uleb128 0x6
 1112 0013 00       		.byte	0
 1113 0014 00       		.byte	0
 1114 0015 02       		.uleb128 0x2
 1115 0016 24       		.uleb128 0x24
 1116 0017 00       		.byte	0
 1117 0018 0B       		.uleb128 0xb
 1118 0019 0B       		.uleb128 0xb
 1119 001a 3E       		.uleb128 0x3e
 1120 001b 0B       		.uleb128 0xb
 1121 001c 03       		.uleb128 0x3
 1122 001d 0E       		.uleb128 0xe
 1123 001e 00       		.byte	0
 1124 001f 00       		.byte	0
 1125 0020 03       		.uleb128 0x3
ARM GAS  /tmp/ccAoYwpn.s 			page 24


 1126 0021 16       		.uleb128 0x16
 1127 0022 00       		.byte	0
 1128 0023 03       		.uleb128 0x3
 1129 0024 0E       		.uleb128 0xe
 1130 0025 3A       		.uleb128 0x3a
 1131 0026 0B       		.uleb128 0xb
 1132 0027 3B       		.uleb128 0x3b
 1133 0028 0B       		.uleb128 0xb
 1134 0029 49       		.uleb128 0x49
 1135 002a 13       		.uleb128 0x13
 1136 002b 00       		.byte	0
 1137 002c 00       		.byte	0
 1138 002d 04       		.uleb128 0x4
 1139 002e 24       		.uleb128 0x24
 1140 002f 00       		.byte	0
 1141 0030 0B       		.uleb128 0xb
 1142 0031 0B       		.uleb128 0xb
 1143 0032 3E       		.uleb128 0x3e
 1144 0033 0B       		.uleb128 0xb
 1145 0034 03       		.uleb128 0x3
 1146 0035 08       		.uleb128 0x8
 1147 0036 00       		.byte	0
 1148 0037 00       		.byte	0
 1149 0038 05       		.uleb128 0x5
 1150 0039 35       		.uleb128 0x35
 1151 003a 00       		.byte	0
 1152 003b 49       		.uleb128 0x49
 1153 003c 13       		.uleb128 0x13
 1154 003d 00       		.byte	0
 1155 003e 00       		.byte	0
 1156 003f 06       		.uleb128 0x6
 1157 0040 01       		.uleb128 0x1
 1158 0041 01       		.byte	0x1
 1159 0042 49       		.uleb128 0x49
 1160 0043 13       		.uleb128 0x13
 1161 0044 01       		.uleb128 0x1
 1162 0045 13       		.uleb128 0x13
 1163 0046 00       		.byte	0
 1164 0047 00       		.byte	0
 1165 0048 07       		.uleb128 0x7
 1166 0049 21       		.uleb128 0x21
 1167 004a 00       		.byte	0
 1168 004b 49       		.uleb128 0x49
 1169 004c 13       		.uleb128 0x13
 1170 004d 2F       		.uleb128 0x2f
 1171 004e 0B       		.uleb128 0xb
 1172 004f 00       		.byte	0
 1173 0050 00       		.byte	0
 1174 0051 08       		.uleb128 0x8
 1175 0052 13       		.uleb128 0x13
 1176 0053 01       		.byte	0x1
 1177 0054 0B       		.uleb128 0xb
 1178 0055 0B       		.uleb128 0xb
 1179 0056 3A       		.uleb128 0x3a
 1180 0057 0B       		.uleb128 0xb
 1181 0058 3B       		.uleb128 0x3b
 1182 0059 05       		.uleb128 0x5
ARM GAS  /tmp/ccAoYwpn.s 			page 25


 1183 005a 01       		.uleb128 0x1
 1184 005b 13       		.uleb128 0x13
 1185 005c 00       		.byte	0
 1186 005d 00       		.byte	0
 1187 005e 09       		.uleb128 0x9
 1188 005f 0D       		.uleb128 0xd
 1189 0060 00       		.byte	0
 1190 0061 03       		.uleb128 0x3
 1191 0062 0E       		.uleb128 0xe
 1192 0063 3A       		.uleb128 0x3a
 1193 0064 0B       		.uleb128 0xb
 1194 0065 3B       		.uleb128 0x3b
 1195 0066 05       		.uleb128 0x5
 1196 0067 49       		.uleb128 0x49
 1197 0068 13       		.uleb128 0x13
 1198 0069 38       		.uleb128 0x38
 1199 006a 0A       		.uleb128 0xa
 1200 006b 00       		.byte	0
 1201 006c 00       		.byte	0
 1202 006d 0A       		.uleb128 0xa
 1203 006e 0D       		.uleb128 0xd
 1204 006f 00       		.byte	0
 1205 0070 03       		.uleb128 0x3
 1206 0071 08       		.uleb128 0x8
 1207 0072 3A       		.uleb128 0x3a
 1208 0073 0B       		.uleb128 0xb
 1209 0074 3B       		.uleb128 0x3b
 1210 0075 05       		.uleb128 0x5
 1211 0076 49       		.uleb128 0x49
 1212 0077 13       		.uleb128 0x13
 1213 0078 38       		.uleb128 0x38
 1214 0079 0A       		.uleb128 0xa
 1215 007a 00       		.byte	0
 1216 007b 00       		.byte	0
 1217 007c 0B       		.uleb128 0xb
 1218 007d 16       		.uleb128 0x16
 1219 007e 00       		.byte	0
 1220 007f 03       		.uleb128 0x3
 1221 0080 0E       		.uleb128 0xe
 1222 0081 3A       		.uleb128 0x3a
 1223 0082 0B       		.uleb128 0xb
 1224 0083 3B       		.uleb128 0x3b
 1225 0084 05       		.uleb128 0x5
 1226 0085 49       		.uleb128 0x49
 1227 0086 13       		.uleb128 0x13
 1228 0087 00       		.byte	0
 1229 0088 00       		.byte	0
 1230 0089 0C       		.uleb128 0xc
 1231 008a 04       		.uleb128 0x4
 1232 008b 01       		.byte	0x1
 1233 008c 0B       		.uleb128 0xb
 1234 008d 0B       		.uleb128 0xb
 1235 008e 49       		.uleb128 0x49
 1236 008f 13       		.uleb128 0x13
 1237 0090 3A       		.uleb128 0x3a
 1238 0091 0B       		.uleb128 0xb
 1239 0092 3B       		.uleb128 0x3b
ARM GAS  /tmp/ccAoYwpn.s 			page 26


 1240 0093 0B       		.uleb128 0xb
 1241 0094 01       		.uleb128 0x1
 1242 0095 13       		.uleb128 0x13
 1243 0096 00       		.byte	0
 1244 0097 00       		.byte	0
 1245 0098 0D       		.uleb128 0xd
 1246 0099 28       		.uleb128 0x28
 1247 009a 00       		.byte	0
 1248 009b 03       		.uleb128 0x3
 1249 009c 0E       		.uleb128 0xe
 1250 009d 1C       		.uleb128 0x1c
 1251 009e 0B       		.uleb128 0xb
 1252 009f 00       		.byte	0
 1253 00a0 00       		.byte	0
 1254 00a1 0E       		.uleb128 0xe
 1255 00a2 13       		.uleb128 0x13
 1256 00a3 01       		.byte	0x1
 1257 00a4 0B       		.uleb128 0xb
 1258 00a5 0B       		.uleb128 0xb
 1259 00a6 3A       		.uleb128 0x3a
 1260 00a7 0B       		.uleb128 0xb
 1261 00a8 3B       		.uleb128 0x3b
 1262 00a9 0B       		.uleb128 0xb
 1263 00aa 01       		.uleb128 0x1
 1264 00ab 13       		.uleb128 0x13
 1265 00ac 00       		.byte	0
 1266 00ad 00       		.byte	0
 1267 00ae 0F       		.uleb128 0xf
 1268 00af 0D       		.uleb128 0xd
 1269 00b0 00       		.byte	0
 1270 00b1 03       		.uleb128 0x3
 1271 00b2 0E       		.uleb128 0xe
 1272 00b3 3A       		.uleb128 0x3a
 1273 00b4 0B       		.uleb128 0xb
 1274 00b5 3B       		.uleb128 0x3b
 1275 00b6 0B       		.uleb128 0xb
 1276 00b7 49       		.uleb128 0x49
 1277 00b8 13       		.uleb128 0x13
 1278 00b9 38       		.uleb128 0x38
 1279 00ba 0A       		.uleb128 0xa
 1280 00bb 00       		.byte	0
 1281 00bc 00       		.byte	0
 1282 00bd 10       		.uleb128 0x10
 1283 00be 0D       		.uleb128 0xd
 1284 00bf 00       		.byte	0
 1285 00c0 03       		.uleb128 0x3
 1286 00c1 08       		.uleb128 0x8
 1287 00c2 3A       		.uleb128 0x3a
 1288 00c3 0B       		.uleb128 0xb
 1289 00c4 3B       		.uleb128 0x3b
 1290 00c5 0B       		.uleb128 0xb
 1291 00c6 49       		.uleb128 0x49
 1292 00c7 13       		.uleb128 0x13
 1293 00c8 38       		.uleb128 0x38
 1294 00c9 0A       		.uleb128 0xa
 1295 00ca 00       		.byte	0
 1296 00cb 00       		.byte	0
ARM GAS  /tmp/ccAoYwpn.s 			page 27


 1297 00cc 11       		.uleb128 0x11
 1298 00cd 2E       		.uleb128 0x2e
 1299 00ce 00       		.byte	0
 1300 00cf 03       		.uleb128 0x3
 1301 00d0 0E       		.uleb128 0xe
 1302 00d1 3A       		.uleb128 0x3a
 1303 00d2 0B       		.uleb128 0xb
 1304 00d3 3B       		.uleb128 0x3b
 1305 00d4 0B       		.uleb128 0xb
 1306 00d5 27       		.uleb128 0x27
 1307 00d6 0C       		.uleb128 0xc
 1308 00d7 8701     		.uleb128 0x87
 1309 00d9 0C       		.uleb128 0xc
 1310 00da 20       		.uleb128 0x20
 1311 00db 0B       		.uleb128 0xb
 1312 00dc 00       		.byte	0
 1313 00dd 00       		.byte	0
 1314 00de 12       		.uleb128 0x12
 1315 00df 2E       		.uleb128 0x2e
 1316 00e0 01       		.byte	0x1
 1317 00e1 03       		.uleb128 0x3
 1318 00e2 0E       		.uleb128 0xe
 1319 00e3 3A       		.uleb128 0x3a
 1320 00e4 0B       		.uleb128 0xb
 1321 00e5 3B       		.uleb128 0x3b
 1322 00e6 0B       		.uleb128 0xb
 1323 00e7 27       		.uleb128 0x27
 1324 00e8 0C       		.uleb128 0xc
 1325 00e9 20       		.uleb128 0x20
 1326 00ea 0B       		.uleb128 0xb
 1327 00eb 01       		.uleb128 0x1
 1328 00ec 13       		.uleb128 0x13
 1329 00ed 00       		.byte	0
 1330 00ee 00       		.byte	0
 1331 00ef 13       		.uleb128 0x13
 1332 00f0 34       		.uleb128 0x34
 1333 00f1 00       		.byte	0
 1334 00f2 03       		.uleb128 0x3
 1335 00f3 0E       		.uleb128 0xe
 1336 00f4 3A       		.uleb128 0x3a
 1337 00f5 0B       		.uleb128 0xb
 1338 00f6 3B       		.uleb128 0x3b
 1339 00f7 0B       		.uleb128 0xb
 1340 00f8 49       		.uleb128 0x49
 1341 00f9 13       		.uleb128 0x13
 1342 00fa 00       		.byte	0
 1343 00fb 00       		.byte	0
 1344 00fc 14       		.uleb128 0x14
 1345 00fd 2E       		.uleb128 0x2e
 1346 00fe 01       		.byte	0x1
 1347 00ff 3F       		.uleb128 0x3f
 1348 0100 0C       		.uleb128 0xc
 1349 0101 03       		.uleb128 0x3
 1350 0102 0E       		.uleb128 0xe
 1351 0103 3A       		.uleb128 0x3a
 1352 0104 0B       		.uleb128 0xb
 1353 0105 3B       		.uleb128 0x3b
ARM GAS  /tmp/ccAoYwpn.s 			page 28


 1354 0106 0B       		.uleb128 0xb
 1355 0107 27       		.uleb128 0x27
 1356 0108 0C       		.uleb128 0xc
 1357 0109 49       		.uleb128 0x49
 1358 010a 13       		.uleb128 0x13
 1359 010b 8701     		.uleb128 0x87
 1360 010d 0C       		.uleb128 0xc
 1361 010e 11       		.uleb128 0x11
 1362 010f 01       		.uleb128 0x1
 1363 0110 12       		.uleb128 0x12
 1364 0111 01       		.uleb128 0x1
 1365 0112 40       		.uleb128 0x40
 1366 0113 06       		.uleb128 0x6
 1367 0114 9742     		.uleb128 0x2117
 1368 0116 0C       		.uleb128 0xc
 1369 0117 01       		.uleb128 0x1
 1370 0118 13       		.uleb128 0x13
 1371 0119 00       		.byte	0
 1372 011a 00       		.byte	0
 1373 011b 15       		.uleb128 0x15
 1374 011c 1D       		.uleb128 0x1d
 1375 011d 01       		.byte	0x1
 1376 011e 31       		.uleb128 0x31
 1377 011f 13       		.uleb128 0x13
 1378 0120 11       		.uleb128 0x11
 1379 0121 01       		.uleb128 0x1
 1380 0122 12       		.uleb128 0x12
 1381 0123 01       		.uleb128 0x1
 1382 0124 58       		.uleb128 0x58
 1383 0125 0B       		.uleb128 0xb
 1384 0126 59       		.uleb128 0x59
 1385 0127 0B       		.uleb128 0xb
 1386 0128 01       		.uleb128 0x1
 1387 0129 13       		.uleb128 0x13
 1388 012a 00       		.byte	0
 1389 012b 00       		.byte	0
 1390 012c 16       		.uleb128 0x16
 1391 012d 0B       		.uleb128 0xb
 1392 012e 01       		.byte	0x1
 1393 012f 11       		.uleb128 0x11
 1394 0130 01       		.uleb128 0x1
 1395 0131 12       		.uleb128 0x12
 1396 0132 01       		.uleb128 0x1
 1397 0133 00       		.byte	0
 1398 0134 00       		.byte	0
 1399 0135 17       		.uleb128 0x17
 1400 0136 34       		.uleb128 0x34
 1401 0137 00       		.byte	0
 1402 0138 31       		.uleb128 0x31
 1403 0139 13       		.uleb128 0x13
 1404 013a 02       		.uleb128 0x2
 1405 013b 0A       		.uleb128 0xa
 1406 013c 00       		.byte	0
 1407 013d 00       		.byte	0
 1408 013e 18       		.uleb128 0x18
 1409 013f 898201   		.uleb128 0x4109
 1410 0142 01       		.byte	0x1
ARM GAS  /tmp/ccAoYwpn.s 			page 29


 1411 0143 11       		.uleb128 0x11
 1412 0144 01       		.uleb128 0x1
 1413 0145 31       		.uleb128 0x31
 1414 0146 13       		.uleb128 0x13
 1415 0147 01       		.uleb128 0x1
 1416 0148 13       		.uleb128 0x13
 1417 0149 00       		.byte	0
 1418 014a 00       		.byte	0
 1419 014b 19       		.uleb128 0x19
 1420 014c 8A8201   		.uleb128 0x410a
 1421 014f 00       		.byte	0
 1422 0150 02       		.uleb128 0x2
 1423 0151 0A       		.uleb128 0xa
 1424 0152 9142     		.uleb128 0x2111
 1425 0154 0A       		.uleb128 0xa
 1426 0155 00       		.byte	0
 1427 0156 00       		.byte	0
 1428 0157 1A       		.uleb128 0x1a
 1429 0158 898201   		.uleb128 0x4109
 1430 015b 01       		.byte	0x1
 1431 015c 11       		.uleb128 0x11
 1432 015d 01       		.uleb128 0x1
 1433 015e 31       		.uleb128 0x31
 1434 015f 13       		.uleb128 0x13
 1435 0160 00       		.byte	0
 1436 0161 00       		.byte	0
 1437 0162 1B       		.uleb128 0x1b
 1438 0163 0B       		.uleb128 0xb
 1439 0164 01       		.byte	0x1
 1440 0165 55       		.uleb128 0x55
 1441 0166 06       		.uleb128 0x6
 1442 0167 01       		.uleb128 0x1
 1443 0168 13       		.uleb128 0x13
 1444 0169 00       		.byte	0
 1445 016a 00       		.byte	0
 1446 016b 1C       		.uleb128 0x1c
 1447 016c 34       		.uleb128 0x34
 1448 016d 00       		.byte	0
 1449 016e 03       		.uleb128 0x3
 1450 016f 0E       		.uleb128 0xe
 1451 0170 3A       		.uleb128 0x3a
 1452 0171 0B       		.uleb128 0xb
 1453 0172 3B       		.uleb128 0x3b
 1454 0173 0B       		.uleb128 0xb
 1455 0174 49       		.uleb128 0x49
 1456 0175 13       		.uleb128 0x13
 1457 0176 02       		.uleb128 0x2
 1458 0177 0A       		.uleb128 0xa
 1459 0178 00       		.byte	0
 1460 0179 00       		.byte	0
 1461 017a 1D       		.uleb128 0x1d
 1462 017b 898201   		.uleb128 0x4109
 1463 017e 00       		.byte	0
 1464 017f 11       		.uleb128 0x11
 1465 0180 01       		.uleb128 0x1
 1466 0181 31       		.uleb128 0x31
 1467 0182 13       		.uleb128 0x13
ARM GAS  /tmp/ccAoYwpn.s 			page 30


 1468 0183 00       		.byte	0
 1469 0184 00       		.byte	0
 1470 0185 1E       		.uleb128 0x1e
 1471 0186 2E       		.uleb128 0x2e
 1472 0187 00       		.byte	0
 1473 0188 3F       		.uleb128 0x3f
 1474 0189 0C       		.uleb128 0xc
 1475 018a 3C       		.uleb128 0x3c
 1476 018b 0C       		.uleb128 0xc
 1477 018c 8740     		.uleb128 0x2007
 1478 018e 0E       		.uleb128 0xe
 1479 018f 03       		.uleb128 0x3
 1480 0190 0E       		.uleb128 0xe
 1481 0191 3A       		.uleb128 0x3a
 1482 0192 0B       		.uleb128 0xb
 1483 0193 3B       		.uleb128 0x3b
 1484 0194 05       		.uleb128 0x5
 1485 0195 00       		.byte	0
 1486 0196 00       		.byte	0
 1487 0197 00       		.byte	0
 1488              		.section	.debug_loc,"",%progbits
 1489              	.Ldebug_loc0:
 1490              	.LLST0:
 1491 0000 00000000 		.4byte	.LFB34
 1492 0004 02000000 		.4byte	.LCFI0
 1493 0008 0200     		.2byte	0x2
 1494 000a 7D       		.byte	0x7d
 1495 000b 00       		.sleb128 0
 1496 000c 02000000 		.4byte	.LCFI0
 1497 0010 04000000 		.4byte	.LCFI1
 1498 0014 0200     		.2byte	0x2
 1499 0016 7D       		.byte	0x7d
 1500 0017 0C       		.sleb128 12
 1501 0018 04000000 		.4byte	.LCFI1
 1502 001c B8000000 		.4byte	.LFE34
 1503 0020 0300     		.2byte	0x3
 1504 0022 7D       		.byte	0x7d
 1505 0023 D800     		.sleb128 88
 1506 0025 00000000 		.4byte	0
 1507 0029 00000000 		.4byte	0
 1508              		.section	.debug_aranges,"",%progbits
 1509 0000 1C000000 		.4byte	0x1c
 1510 0004 0200     		.2byte	0x2
 1511 0006 00000000 		.4byte	.Ldebug_info0
 1512 000a 04       		.byte	0x4
 1513 000b 00       		.byte	0
 1514 000c 0000     		.2byte	0
 1515 000e 0000     		.2byte	0
 1516 0010 00000000 		.4byte	.LFB34
 1517 0014 B8000000 		.4byte	.LFE34-.LFB34
 1518 0018 00000000 		.4byte	0
 1519 001c 00000000 		.4byte	0
 1520              		.section	.debug_ranges,"",%progbits
 1521              	.Ldebug_ranges0:
 1522 0000 44000000 		.4byte	.LBB12
 1523 0004 4C000000 		.4byte	.LBE12
 1524 0008 4E000000 		.4byte	.LBB13
ARM GAS  /tmp/ccAoYwpn.s 			page 31


 1525 000c 54000000 		.4byte	.LBE13
 1526 0010 56000000 		.4byte	.LBB14
 1527 0014 5C000000 		.4byte	.LBE14
 1528 0018 00000000 		.4byte	0
 1529 001c 00000000 		.4byte	0
 1530 0020 5C000000 		.4byte	.LBB15
 1531 0024 64000000 		.4byte	.LBE15
 1532 0028 66000000 		.4byte	.LBB16
 1533 002c 6C000000 		.4byte	.LBE16
 1534 0030 00000000 		.4byte	0
 1535 0034 00000000 		.4byte	0
 1536 0038 00000000 		.4byte	.LFB34
 1537 003c B8000000 		.4byte	.LFE34
 1538 0040 00000000 		.4byte	0
 1539 0044 00000000 		.4byte	0
 1540              		.section	.debug_line,"",%progbits
 1541              	.Ldebug_line0:
 1542 0000 CB010000 		.section	.debug_str,"MS",%progbits,1
 1542      02006E01 
 1542      00000201 
 1542      FB0E0D00 
 1542      01010101 
 1543              	.LASF22:
 1544 0000 4750494F 		.ascii	"GPIO_TypeDef\000"
 1544      5F547970 
 1544      65446566 
 1544      00
 1545              	.LASF39:
 1546 000d 48414C5F 		.ascii	"HAL_TIMEOUT\000"
 1546      54494D45 
 1546      4F555400 
 1547              	.LASF72:
 1548 0019 48414C5F 		.ascii	"HAL_GPIO_Init\000"
 1548      4750494F 
 1548      5F496E69 
 1548      7400
 1549              	.LASF58:
 1550 0027 41504231 		.ascii	"APB1CLKDivider\000"
 1550      434C4B44 
 1550      69766964 
 1550      657200
 1551              	.LASF25:
 1552 0036 41504231 		.ascii	"APB1RSTR\000"
 1552      52535452 
 1552      00
 1553              	.LASF65:
 1554 003f 5243435F 		.ascii	"RCC_ClkInitStruct\000"
 1554      436C6B49 
 1554      6E697453 
 1554      74727563 
 1554      7400
 1555              	.LASF59:
 1556 0051 5243435F 		.ascii	"RCC_ClkInitTypeDef\000"
 1556      436C6B49 
 1556      6E697454 
 1556      79706544 
 1556      656600
ARM GAS  /tmp/ccAoYwpn.s 			page 32


 1557              	.LASF78:
 1558 0064 4572726F 		.ascii	"Error_Handler\000"
 1558      725F4861 
 1558      6E646C65 
 1558      7200
 1559              	.LASF2:
 1560 0072 73686F72 		.ascii	"short int\000"
 1560      7420696E 
 1560      7400
 1561              	.LASF15:
 1562 007c 73697A65 		.ascii	"sizetype\000"
 1562      74797065 
 1562      00
 1563              	.LASF29:
 1564 0085 42444352 		.ascii	"BDCR\000"
 1564      00
 1565              	.LASF61:
 1566 008a 50756C6C 		.ascii	"Pull\000"
 1566      00
 1567              	.LASF7:
 1568 008f 5F5F7569 		.ascii	"__uint32_t\000"
 1568      6E743332 
 1568      5F7400
 1569              	.LASF71:
 1570 009a 48414C5F 		.ascii	"HAL_Init\000"
 1570      496E6974 
 1570      00
 1571              	.LASF4:
 1572 00a3 5F5F7569 		.ascii	"__uint16_t\000"
 1572      6E743136 
 1572      5F7400
 1573              	.LASF40:
 1574 00ae 504C4C53 		.ascii	"PLLState\000"
 1574      74617465 
 1574      00
 1575              	.LASF42:
 1576 00b7 504C4C4D 		.ascii	"PLLMUL\000"
 1576      554C00
 1577              	.LASF36:
 1578 00be 48414C5F 		.ascii	"HAL_OK\000"
 1578      4F4B00
 1579              	.LASF79:
 1580 00c5 53797374 		.ascii	"SystemClock_Config\000"
 1580      656D436C 
 1580      6F636B5F 
 1580      436F6E66 
 1580      696700
 1581              	.LASF12:
 1582 00d8 75696E74 		.ascii	"uint8_t\000"
 1582      385F7400 
 1583              	.LASF69:
 1584 00e0 48414C5F 		.ascii	"HAL_RCC_OscConfig\000"
 1584      5243435F 
 1584      4F736343 
 1584      6F6E6669 
 1584      6700
 1585              	.LASF28:
ARM GAS  /tmp/ccAoYwpn.s 			page 33


 1586 00f2 41504231 		.ascii	"APB1ENR\000"
 1586      454E5200 
 1587              	.LASF66:
 1588 00fa 5243435F 		.ascii	"RCC_OscInitStruct\000"
 1588      4F736349 
 1588      6E697453 
 1588      74727563 
 1588      7400
 1589              	.LASF38:
 1590 010c 48414C5F 		.ascii	"HAL_BUSY\000"
 1590      42555359 
 1590      00
 1591              	.LASF70:
 1592 0115 48414C5F 		.ascii	"HAL_RCC_ClockConfig\000"
 1592      5243435F 
 1592      436C6F63 
 1592      6B436F6E 
 1592      66696700 
 1593              	.LASF46:
 1594 0129 48534553 		.ascii	"HSEState\000"
 1594      74617465 
 1594      00
 1595              	.LASF17:
 1596 0132 4F545950 		.ascii	"OTYPER\000"
 1596      455200
 1597              	.LASF0:
 1598 0139 7369676E 		.ascii	"signed char\000"
 1598      65642063 
 1598      68617200 
 1599              	.LASF30:
 1600 0145 41484252 		.ascii	"AHBRSTR\000"
 1600      53545200 
 1601              	.LASF45:
 1602 014d 4F736369 		.ascii	"OscillatorType\000"
 1602      6C6C6174 
 1602      6F725479 
 1602      706500
 1603              	.LASF10:
 1604 015c 6C6F6E67 		.ascii	"long long unsigned int\000"
 1604      206C6F6E 
 1604      6720756E 
 1604      7369676E 
 1604      65642069 
 1605              	.LASF19:
 1606 0173 50555044 		.ascii	"PUPDR\000"
 1606      5200
 1607              	.LASF53:
 1608 0179 48534934 		.ascii	"HSI48State\000"
 1608      38537461 
 1608      746500
 1609              	.LASF6:
 1610 0184 6C6F6E67 		.ascii	"long int\000"
 1610      20696E74 
 1610      00
 1611              	.LASF43:
 1612 018d 50524544 		.ascii	"PREDIV\000"
 1612      495600
ARM GAS  /tmp/ccAoYwpn.s 			page 34


 1613              	.LASF33:
 1614 0194 5243435F 		.ascii	"RCC_TypeDef\000"
 1614      54797065 
 1614      44656600 
 1615              	.LASF20:
 1616 01a0 42535252 		.ascii	"BSRR\000"
 1616      00
 1617              	.LASF26:
 1618 01a5 41484245 		.ascii	"AHBENR\000"
 1618      4E5200
 1619              	.LASF16:
 1620 01ac 4D4F4445 		.ascii	"MODER\000"
 1620      5200
 1621              	.LASF24:
 1622 01b2 41504232 		.ascii	"APB2RSTR\000"
 1622      52535452 
 1622      00
 1623              	.LASF3:
 1624 01bb 5F5F7569 		.ascii	"__uint8_t\000"
 1624      6E74385F 
 1624      7400
 1625              	.LASF56:
 1626 01c5 53595343 		.ascii	"SYSCLKSource\000"
 1626      4C4B536F 
 1626      75726365 
 1626      00
 1627              	.LASF67:
 1628 01d2 746D7072 		.ascii	"tmpreg\000"
 1628      656700
 1629              	.LASF41:
 1630 01d9 504C4C53 		.ascii	"PLLSource\000"
 1630      6F757263 
 1630      6500
 1631              	.LASF34:
 1632 01e3 6C6F6E67 		.ascii	"long double\000"
 1632      20646F75 
 1632      626C6500 
 1633              	.LASF37:
 1634 01ef 48414C5F 		.ascii	"HAL_ERROR\000"
 1634      4552524F 
 1634      5200
 1635              	.LASF1:
 1636 01f9 756E7369 		.ascii	"unsigned char\000"
 1636      676E6564 
 1636      20636861 
 1636      7200
 1637              	.LASF27:
 1638 0207 41504232 		.ascii	"APB2ENR\000"
 1638      454E5200 
 1639              	.LASF57:
 1640 020f 41484243 		.ascii	"AHBCLKDivider\000"
 1640      4C4B4469 
 1640      76696465 
 1640      7200
 1641              	.LASF74:
 1642 021d 48414C5F 		.ascii	"HAL_Delay\000"
 1642      44656C61 
ARM GAS  /tmp/ccAoYwpn.s 			page 35


 1642      7900
 1643              	.LASF73:
 1644 0227 48414C5F 		.ascii	"HAL_GPIO_TogglePin\000"
 1644      4750494F 
 1644      5F546F67 
 1644      676C6550 
 1644      696E00
 1645              	.LASF14:
 1646 023a 75696E74 		.ascii	"uint32_t\000"
 1646      33325F74 
 1646      00
 1647              	.LASF64:
 1648 0243 4750494F 		.ascii	"GPIO_InitTypeDef\000"
 1648      5F496E69 
 1648      74547970 
 1648      65446566 
 1648      00
 1649              	.LASF11:
 1650 0254 756E7369 		.ascii	"unsigned int\000"
 1650      676E6564 
 1650      20696E74 
 1650      00
 1651              	.LASF31:
 1652 0261 43464752 		.ascii	"CFGR2\000"
 1652      3200
 1653              	.LASF32:
 1654 0267 43464752 		.ascii	"CFGR3\000"
 1654      3300
 1655              	.LASF23:
 1656 026d 43464752 		.ascii	"CFGR\000"
 1656      00
 1657              	.LASF44:
 1658 0272 5243435F 		.ascii	"RCC_PLLInitTypeDef\000"
 1658      504C4C49 
 1658      6E697454 
 1658      79706544 
 1658      656600
 1659              	.LASF5:
 1660 0285 73686F72 		.ascii	"short unsigned int\000"
 1660      7420756E 
 1660      7369676E 
 1660      65642069 
 1660      6E7400
 1661              	.LASF35:
 1662 0298 63686172 		.ascii	"char\000"
 1662      00
 1663              	.LASF13:
 1664 029d 75696E74 		.ascii	"uint16_t\000"
 1664      31365F74 
 1664      00
 1665              	.LASF80:
 1666 02a6 6D61696E 		.ascii	"main\000"
 1666      00
 1667              	.LASF47:
 1668 02ab 4C534553 		.ascii	"LSEState\000"
 1668      74617465 
 1668      00
ARM GAS  /tmp/ccAoYwpn.s 			page 36


 1669              	.LASF18:
 1670 02b4 4F535045 		.ascii	"OSPEEDR\000"
 1670      45445200 
 1671              	.LASF8:
 1672 02bc 6C6F6E67 		.ascii	"long unsigned int\000"
 1672      20756E73 
 1672      69676E65 
 1672      6420696E 
 1672      7400
 1673              	.LASF48:
 1674 02ce 48534953 		.ascii	"HSIState\000"
 1674      74617465 
 1674      00
 1675              	.LASF51:
 1676 02d7 48534931 		.ascii	"HSI14CalibrationValue\000"
 1676      3443616C 
 1676      69627261 
 1676      74696F6E 
 1676      56616C75 
 1677              	.LASF50:
 1678 02ed 48534931 		.ascii	"HSI14State\000"
 1678      34537461 
 1678      746500
 1679              	.LASF55:
 1680 02f8 436C6F63 		.ascii	"ClockType\000"
 1680      6B547970 
 1680      6500
 1681              	.LASF49:
 1682 0302 48534943 		.ascii	"HSICalibrationValue\000"
 1682      616C6962 
 1682      72617469 
 1682      6F6E5661 
 1682      6C756500 
 1683              	.LASF52:
 1684 0316 4C534953 		.ascii	"LSIState\000"
 1684      74617465 
 1684      00
 1685              	.LASF62:
 1686 031f 53706565 		.ascii	"Speed\000"
 1686      6400
 1687              	.LASF75:
 1688 0325 474E5520 		.ascii	"GNU C11 5.2.0 -mcpu=cortex-m0 -mthumb -g -gdwarf-2 "
 1688      43313120 
 1688      352E322E 
 1688      30202D6D 
 1688      6370753D 
 1689 0358 2D4F7320 		.ascii	"-Os -fomit-frame-pointer\000"
 1689      2D666F6D 
 1689      69742D66 
 1689      72616D65 
 1689      2D706F69 
 1690              	.LASF60:
 1691 0371 4D6F6465 		.ascii	"Mode\000"
 1691      00
 1692              	.LASF54:
 1693 0376 5243435F 		.ascii	"RCC_OscInitTypeDef\000"
 1693      4F736349 
ARM GAS  /tmp/ccAoYwpn.s 			page 37


 1693      6E697454 
 1693      79706544 
 1693      656600
 1694              	.LASF63:
 1695 0389 416C7465 		.ascii	"Alternate\000"
 1695      726E6174 
 1695      6500
 1696              	.LASF21:
 1697 0393 4C434B52 		.ascii	"LCKR\000"
 1697      00
 1698              	.LASF68:
 1699 0398 4750494F 		.ascii	"GPIO_InitStruct\000"
 1699      5F496E69 
 1699      74537472 
 1699      75637400 
 1700              	.LASF76:
 1701 03a8 7372632F 		.ascii	"src/main.c\000"
 1701      6D61696E 
 1701      2E6300
 1702              	.LASF77:
 1703 03b3 2F686F6D 		.ascii	"/home/rtbaker/git/iotogglem0_wspl\000"
 1703      652F7274 
 1703      62616B65 
 1703      722F6769 
 1703      742F696F 
 1704              	.LASF9:
 1705 03d5 6C6F6E67 		.ascii	"long long int\000"
 1705      206C6F6E 
 1705      6720696E 
 1705      7400
 1706              		.ident	"GCC: (Fedora 5.2.0-4.fc24) 5.2.0"
ARM GAS  /tmp/ccAoYwpn.s 			page 38


DEFINED SYMBOLS
                            *ABS*:0000000000000000 main.c
     /tmp/ccAoYwpn.s:78     .text.startup:0000000000000000 $t
     /tmp/ccAoYwpn.s:83     .text.startup:0000000000000000 main
     /tmp/ccAoYwpn.s:245    .text.startup:00000000000000ac $d
     /tmp/ccAoYwpn.s:252    .bss:0000000000000000 $d
     /tmp/ccAoYwpn.s:256    .bss:0000000000000000 GPIO_InitStruct
                     .debug_frame:0000000000000010 $d

UNDEFINED SYMBOLS
HAL_Init
HAL_RCC_OscConfig
HAL_RCC_ClockConfig
HAL_GPIO_Init
HAL_GPIO_TogglePin
HAL_Delay
